2024-03-14 13:35:00,690 [INFO] Check some rule-related questions variations trying to improve results
2024-03-14 13:35:00,691 [INFO] Starting time: 2024-03-14 13:35
2024-03-14 13:35:03,061 [INFO] Round 1
2024-03-14 13:44:11,051 [INFO] Round 2
2024-03-14 13:48:34,804 [INFO] Round 3
2024-03-14 13:52:57,940 [INFO] Round 4
2024-03-14 13:58:11,469 [INFO] Round 5
2024-03-14 14:03:18,937 [INFO] Round 6
2024-03-14 14:08:45,952 [INFO] Round 7
2024-03-14 14:13:51,291 [INFO] Round 8
2024-03-14 14:24:31,764 [INFO] Round 9
2024-03-14 14:29:21,549 [INFO] Round 10
2024-03-14 14:34:15,657 [INFO] rule_checker results saved.
2024-03-14 14:34:15,755 [INFO] rule_checker answers saved.
2024-03-14 14:34:16,664 [INFO] Time elapsed: 0:59:15
2024-03-14 14:34:16,665 [INFO] Round 11
2024-03-14 14:38:50,722 [INFO] Round 12
2024-03-14 14:48:56,455 [INFO] Round 13
2024-03-14 14:53:33,844 [INFO] Round 14
2024-03-14 14:58:09,827 [INFO] Round 15
2024-03-14 15:03:36,100 [INFO] Round 16
2024-03-14 15:08:35,016 [INFO] Round 17
2024-03-14 15:13:02,552 [INFO] Round 18
2024-03-14 15:18:04,067 [INFO] Round 19
2024-03-14 15:23:00,273 [INFO] Round 20
2024-03-14 15:27:59,497 [INFO] rule_checker results saved.
2024-03-14 15:27:59,817 [INFO] rule_checker answers saved.
2024-03-14 15:28:02,020 [INFO] Time elapsed: 1:53:01
2024-03-14 15:28:02,020 [INFO] Round 21
2024-03-14 15:32:20,405 [INFO] Round 22
2024-03-14 15:37:32,805 [INFO] Round 23
2024-03-14 15:42:25,099 [INFO] Round 24
2024-03-14 15:46:44,076 [INFO] Round 25
2024-03-14 15:51:19,054 [INFO] Round 26
2024-03-14 15:56:10,838 [INFO] Round 27
2024-03-14 16:01:16,505 [INFO] Round 28
2024-03-14 16:06:19,815 [INFO] Round 29
2024-03-14 16:11:25,400 [INFO] Round 30
2024-03-14 16:31:35,135 [INFO] rule_checker results saved.
2024-03-14 16:31:35,285 [INFO] rule_checker answers saved.
2024-03-14 16:31:36,175 [INFO] Time elapsed: 2:56:35
2024-03-14 16:31:36,175 [INFO] Round 31
2024-03-14 16:36:49,163 [INFO] Round 32
2024-03-14 16:41:37,853 [INFO] Round 33
2024-03-14 16:47:01,702 [INFO] Round 34
2024-03-14 16:52:14,404 [INFO] Round 35
2024-03-14 16:57:00,253 [INFO] Round 36
2024-03-14 17:01:50,681 [INFO] Round 37
2024-03-14 17:07:08,763 [INFO] Round 38
2024-03-14 17:11:08,917 [INFO] Round 39
2024-03-14 17:14:57,620 [INFO] Round 40
2024-03-14 17:20:15,368 [INFO] rule_checker results saved.
2024-03-14 17:20:15,606 [INFO] rule_checker answers saved.
2024-03-14 17:20:16,682 [INFO] Time elapsed: 3:45:15
2024-03-14 17:20:16,683 [INFO] Round 41
2024-03-14 17:25:16,038 [INFO] Round 42
2024-03-14 17:30:10,410 [INFO] Round 43
2024-03-14 17:35:05,245 [INFO] Round 44
2024-03-14 17:39:59,372 [INFO] Round 45
2024-03-14 17:44:36,562 [INFO] Round 46
2024-03-14 17:49:49,040 [INFO] Round 47
2024-03-14 17:55:16,127 [INFO] Round 48
2024-03-14 18:01:08,006 [INFO] Round 49
2024-03-14 18:06:40,403 [INFO] Round 50
2024-03-14 18:11:40,530 [INFO] rule_checker results saved.
2024-03-14 18:11:40,911 [INFO] rule_checker answers saved.
2024-03-14 18:11:42,775 [INFO] Time elapsed: 4:36:42
2024-03-14 18:11:42,775 [INFO] Round 51
2024-03-14 18:16:10,391 [INFO] Round 52
2024-03-14 18:20:58,544 [INFO] Round 53
2024-03-14 18:25:29,363 [INFO] Round 54
2024-03-14 18:30:27,016 [INFO] Round 55
2024-03-14 18:34:56,062 [INFO] Round 56
2024-03-14 18:40:04,321 [INFO] Round 57
2024-03-14 18:45:10,514 [INFO] Round 58
2024-03-14 18:50:24,993 [INFO] Round 59
2024-03-14 18:55:04,083 [INFO] Round 60
2024-03-14 18:59:45,265 [INFO] rule_checker results saved.
2024-03-14 18:59:45,614 [INFO] rule_checker answers saved.
2024-03-14 18:59:46,699 [INFO] Time elapsed: 5:24:46
2024-03-14 18:59:46,699 [INFO] Round 61
2024-03-14 19:04:12,531 [INFO] Round 62
2024-03-14 19:09:16,211 [INFO] Round 63
2024-03-14 19:13:48,123 [INFO] Round 64
2024-03-14 19:18:00,233 [INFO] Round 65
2024-03-14 19:22:11,916 [INFO] Round 66
2024-03-14 19:26:27,121 [INFO] Round 67
2024-03-14 19:31:12,721 [INFO] Round 68
2024-03-14 19:35:49,414 [INFO] Round 69
2024-03-14 19:40:09,829 [INFO] Round 70
2024-03-14 19:44:20,652 [INFO] rule_checker results saved.
2024-03-14 19:44:20,938 [INFO] rule_checker answers saved.
2024-03-14 19:44:21,908 [INFO] Time elapsed: 6:09:21
2024-03-14 19:44:21,908 [INFO] Round 71
2024-03-14 19:48:37,271 [INFO] Round 72
2024-03-14 19:52:46,636 [INFO] Round 73
2024-03-14 19:57:54,644 [INFO] Round 74
2024-03-14 20:02:27,747 [INFO] Round 75
2024-03-14 20:06:57,417 [INFO] Round 76
2024-03-14 20:10:46,836 [INFO] Round 77
2024-03-14 20:15:31,026 [INFO] Round 78
2024-03-14 20:19:34,222 [INFO] Round 79
2024-03-14 20:23:55,422 [INFO] Round 80
2024-03-14 20:28:30,712 [INFO] rule_checker results saved.
2024-03-14 20:28:31,164 [INFO] rule_checker answers saved.
2024-03-14 20:28:32,134 [INFO] Time elapsed: 6:53:31
2024-03-14 20:28:32,134 [INFO] Round 81
2024-03-14 20:31:49,020 [INFO] Round 82
2024-03-14 20:35:57,191 [INFO] Round 83
2024-03-14 20:40:47,100 [INFO] Round 84
2024-03-14 20:45:58,011 [INFO] Round 85
2024-03-14 20:50:14,254 [INFO] Round 86
2024-03-14 20:54:25,177 [INFO] Round 87
2024-03-14 20:59:04,602 [INFO] Round 88
2024-03-14 21:03:10,188 [INFO] Round 89
2024-03-14 21:06:54,851 [INFO] Round 90
2024-03-14 21:10:41,241 [INFO] rule_checker results saved.
2024-03-14 21:10:41,727 [INFO] rule_checker answers saved.
2024-03-14 21:10:43,627 [INFO] Time elapsed: 7:35:42
2024-03-14 21:10:43,627 [INFO] Round 91
2024-03-14 21:15:00,704 [INFO] Round 92
2024-03-14 21:19:31,421 [INFO] Round 93
2024-03-14 21:23:19,771 [INFO] Round 94
2024-03-14 21:27:22,686 [INFO] Round 95
2024-03-14 21:31:15,874 [INFO] Round 96
2024-03-14 21:34:13,757 [INFO] Round 97
2024-03-14 21:37:36,706 [INFO] Round 98
2024-03-14 21:41:03,696 [INFO] Round 99
2024-03-14 21:44:42,953 [INFO] Round 100
2024-03-14 21:48:30,637 [INFO] History saved.
2024-03-14 21:48:30,826 [INFO] rule_checker results saved.
2024-03-14 21:48:31,243 [INFO] rule_checker answers saved.
2024-03-14 21:48:31,830 [INFO] Time elapsed: 8:13:31
