2024-03-14 15:08:46,418 [INFO] Redo run with inverted identifiers after some fixes.
2024-03-14 15:08:46,419 [INFO] Starting time: 2024-03-14 15:08
2024-03-14 15:08:47,091 [INFO] Round 1
2024-03-14 15:09:58,086 [INFO] Round 2
2024-03-14 15:11:06,268 [INFO] Round 3
2024-03-14 15:12:12,625 [INFO] Round 4
2024-03-14 15:13:45,754 [INFO] Round 5
2024-03-14 15:15:00,482 [INFO] Round 6
2024-03-14 15:16:19,974 [INFO] Round 7
2024-03-14 15:17:46,095 [INFO] Round 8
2024-03-14 15:19:15,816 [INFO] Round 9
2024-03-14 15:20:48,086 [INFO] Round 10
2024-03-14 15:22:16,400 [INFO] rule_checker results saved.
2024-03-14 15:22:16,652 [INFO] rule_checker answers saved.
2024-03-14 15:22:17,993 [INFO] Time elapsed: 0:13:31
2024-03-14 15:22:17,993 [INFO] Round 11
2024-03-14 15:23:41,329 [INFO] Round 12
2024-03-14 15:25:14,079 [INFO] Round 13
2024-03-14 15:26:27,442 [INFO] Round 14
2024-03-14 15:28:16,768 [INFO] Round 15
2024-03-14 15:30:00,574 [INFO] Round 16
2024-03-14 15:31:31,232 [INFO] Round 17
2024-03-14 15:32:58,857 [INFO] Round 18
2024-03-14 15:34:24,841 [INFO] Round 19
2024-03-14 15:36:00,820 [INFO] Round 20
2024-03-14 15:37:34,396 [INFO] rule_checker results saved.
2024-03-14 15:37:35,118 [INFO] rule_checker answers saved.
2024-03-14 15:37:37,817 [INFO] Time elapsed: 0:28:51
2024-03-14 15:37:37,817 [INFO] Round 21
2024-03-14 15:39:02,102 [INFO] Round 22
2024-03-14 15:40:24,829 [INFO] Round 23
2024-03-14 15:41:49,695 [INFO] Round 24
2024-03-14 15:43:07,792 [INFO] Round 25
2024-03-14 15:44:33,798 [INFO] Round 26
2024-03-14 15:46:08,462 [INFO] Round 27
2024-03-14 15:47:36,780 [INFO] Round 28
2024-03-14 15:48:40,121 [INFO] Round 29
2024-03-14 15:50:34,210 [INFO] Round 30
2024-03-14 15:52:13,620 [INFO] rule_checker results saved.
2024-03-14 15:52:13,808 [INFO] rule_checker answers saved.
2024-03-14 15:52:15,241 [INFO] Time elapsed: 0:43:28
2024-03-14 15:52:15,242 [INFO] Round 31
2024-03-14 15:53:53,294 [INFO] Round 32
2024-03-14 15:55:26,687 [INFO] Round 33
2024-03-14 15:57:05,370 [INFO] Round 34
2024-03-14 15:58:36,812 [INFO] Round 35
2024-03-14 16:00:02,925 [INFO] Round 36
2024-03-14 16:01:25,512 [INFO] Round 37
2024-03-14 16:02:40,298 [INFO] Round 38
2024-03-14 16:04:17,349 [INFO] Round 39
2024-03-14 16:05:31,680 [INFO] Round 40
2024-03-14 16:06:56,937 [INFO] rule_checker results saved.
2024-03-14 16:06:57,241 [INFO] rule_checker answers saved.
2024-03-14 16:06:58,393 [INFO] Time elapsed: 0:58:11
2024-03-14 16:06:58,393 [INFO] Round 41
2024-03-14 16:08:17,836 [INFO] Round 42
2024-03-14 16:10:02,081 [INFO] Round 43
2024-03-14 16:11:54,802 [INFO] Round 44
2024-03-14 16:13:09,829 [INFO] Round 45
2024-03-14 16:14:34,411 [INFO] Round 46
2024-03-14 16:16:08,757 [INFO] Round 47
2024-03-14 16:27:47,701 [INFO] Round 48
2024-03-14 16:29:23,610 [INFO] Round 49
2024-03-14 16:31:00,918 [INFO] Round 50
2024-03-14 16:32:44,616 [INFO] rule_checker results saved.
2024-03-14 16:32:44,721 [INFO] rule_checker answers saved.
2024-03-14 16:32:46,140 [INFO] Time elapsed: 1:23:59
2024-03-14 16:32:46,140 [INFO] Round 51
2024-03-14 16:34:16,386 [INFO] Round 52
2024-03-14 16:35:49,506 [INFO] Round 53
2024-03-14 16:37:52,627 [INFO] Round 54
2024-03-14 16:39:32,983 [INFO] Round 55
2024-03-14 16:41:15,079 [INFO] Round 56
2024-03-14 16:42:49,600 [INFO] Round 57
2024-03-14 16:44:33,992 [INFO] Round 58
2024-03-14 16:45:58,468 [INFO] Round 59
2024-03-14 16:47:46,377 [INFO] Round 60
2024-03-14 16:49:15,316 [INFO] rule_checker results saved.
2024-03-14 16:49:15,589 [INFO] rule_checker answers saved.
2024-03-14 16:49:17,364 [INFO] Time elapsed: 1:40:30
2024-03-14 16:49:17,364 [INFO] Round 61
2024-03-14 16:50:51,417 [INFO] Round 62
2024-03-14 16:52:25,226 [INFO] Round 63
2024-03-14 16:53:43,349 [INFO] Round 64
2024-03-14 16:55:17,240 [INFO] Round 65
2024-03-14 16:56:44,413 [INFO] Round 66
2024-03-14 16:58:37,132 [INFO] Round 67
2024-03-14 17:00:15,295 [INFO] Round 68
2024-03-14 17:01:52,868 [INFO] Round 69
2024-03-14 17:03:29,586 [INFO] Round 70
2024-03-14 17:05:03,916 [INFO] rule_checker results saved.
2024-03-14 17:05:04,168 [INFO] rule_checker answers saved.
2024-03-14 17:05:05,841 [INFO] Time elapsed: 1:56:19
2024-03-14 17:05:05,841 [INFO] Round 71
2024-03-14 17:06:47,569 [INFO] Round 72
2024-03-14 17:08:14,001 [INFO] Round 73
2024-03-14 17:19:46,548 [INFO] Round 74
2024-03-14 17:21:29,062 [INFO] Round 75
2024-03-14 17:23:17,585 [INFO] Round 76
2024-03-14 17:24:51,937 [INFO] Round 77
2024-03-14 17:26:51,832 [INFO] Round 78
2024-03-14 17:28:19,018 [INFO] Round 79
2024-03-14 17:29:49,587 [INFO] Round 80
2024-03-14 17:31:25,079 [INFO] rule_checker results saved.
2024-03-14 17:31:25,494 [INFO] rule_checker answers saved.
2024-03-14 17:31:27,739 [INFO] Time elapsed: 2:22:41
2024-03-14 17:31:27,739 [INFO] Round 81
2024-03-14 17:33:06,484 [INFO] Round 82
2024-03-14 17:34:40,116 [INFO] Round 83
2024-03-14 17:35:59,020 [INFO] Round 84
2024-03-14 17:37:32,946 [INFO] Round 85
2024-03-14 17:39:06,636 [INFO] Round 86
2024-03-14 17:40:38,630 [INFO] Round 87
2024-03-14 17:42:05,163 [INFO] Round 88
2024-03-14 17:43:39,150 [INFO] Round 89
2024-03-14 17:44:59,160 [INFO] Round 90
2024-03-14 17:46:33,313 [INFO] rule_checker results saved.
2024-03-14 17:46:33,848 [INFO] rule_checker answers saved.
2024-03-14 17:46:36,044 [INFO] Time elapsed: 2:37:49
2024-03-14 17:46:36,044 [INFO] Round 91
2024-03-14 17:48:22,501 [INFO] Round 92
2024-03-14 17:49:58,723 [INFO] Round 93
2024-03-14 17:51:20,598 [INFO] Round 94
2024-03-14 17:52:47,879 [INFO] Round 95
2024-03-14 17:54:21,643 [INFO] Round 96
2024-03-14 17:55:43,678 [INFO] Round 97
2024-03-14 17:57:11,814 [INFO] Round 98
2024-03-14 17:58:45,123 [INFO] Round 99
2024-03-14 18:00:23,124 [INFO] Round 100
2024-03-14 18:01:56,171 [INFO] History saved.
2024-03-14 18:01:56,614 [INFO] rule_checker results saved.
2024-03-14 18:01:57,176 [INFO] rule_checker answers saved.
2024-03-14 18:01:59,125 [INFO] Time elapsed: 2:53:12
