2024-03-07 18:50:46,380 [INFO] Trying compact implicit JSON format in prompt to summarize game.
2024-03-07 18:50:46,380 [INFO] Starting time: 2024-03-07 18:50
2024-03-07 18:50:47,347 [INFO] Round 1
2024-03-07 18:54:36,359 [INFO] Round 2
2024-03-07 18:58:23,966 [INFO] Round 3
2024-03-07 19:02:07,149 [INFO] Round 4
2024-03-07 19:05:47,882 [INFO] Round 5
2024-03-07 19:09:46,173 [INFO] Round 6
2024-03-07 19:13:52,299 [INFO] Round 7
2024-03-07 19:18:23,761 [INFO] Round 8
2024-03-07 19:22:25,948 [INFO] Round 9
2024-03-07 19:26:40,593 [INFO] Round 10
2024-03-07 19:31:42,610 [INFO] time_checker results saved.
2024-03-07 19:31:42,670 [INFO] rule_checker results saved.
2024-03-07 19:31:42,800 [INFO] aggregation_checker results saved.
2024-03-07 19:31:44,583 [INFO] Time elapsed: 0:40:58
2024-03-07 19:31:44,583 [INFO] Round 11
2024-03-07 19:36:27,794 [INFO] Round 12
2024-03-07 19:40:13,549 [INFO] Round 13
2024-03-07 19:44:53,221 [INFO] Round 14
2024-03-07 19:50:01,406 [INFO] Round 15
2024-03-07 19:55:32,307 [INFO] Round 16
2024-03-07 20:00:34,990 [INFO] Round 17
2024-03-07 20:07:30,303 [INFO] Round 18
2024-03-07 20:13:46,742 [INFO] Round 19
2024-03-07 20:20:55,081 [INFO] Round 20
2024-03-07 20:27:02,024 [INFO] time_checker results saved.
2024-03-07 20:27:02,149 [INFO] rule_checker results saved.
2024-03-07 20:27:02,231 [INFO] aggregation_checker results saved.
2024-03-07 20:27:03,734 [INFO] Time elapsed: 1:36:17
2024-03-07 20:27:03,734 [INFO] Round 21
2024-03-07 20:33:24,509 [INFO] Round 22
2024-03-07 20:41:35,224 [INFO] Round 23
2024-03-07 20:48:05,568 [INFO] Round 24
2024-03-07 20:55:28,476 [INFO] Round 25
2024-03-07 21:03:23,823 [INFO] Round 26
2024-03-07 21:10:39,261 [INFO] Round 27
2024-03-07 21:18:23,858 [INFO] Round 28
2024-03-07 21:25:51,039 [INFO] Round 29
2024-03-07 21:33:55,496 [INFO] Round 30
2024-03-07 21:41:33,308 [INFO] time_checker results saved.
2024-03-07 21:41:33,487 [INFO] rule_checker results saved.
2024-03-07 21:41:33,628 [INFO] aggregation_checker results saved.
2024-03-07 21:41:35,062 [INFO] Time elapsed: 2:50:48
2024-03-07 21:41:35,062 [INFO] Round 31
2024-03-07 21:49:29,846 [INFO] Round 32
2024-03-07 21:59:17,129 [INFO] Round 33
2024-03-07 22:08:24,580 [INFO] Round 34
2024-03-07 22:18:33,486 [INFO] Round 35
2024-03-07 22:27:48,933 [INFO] Round 36
2024-03-07 22:36:29,459 [INFO] Round 37
2024-03-07 22:44:45,963 [INFO] Round 38
2024-03-07 22:52:53,732 [INFO] Round 39
2024-03-07 23:00:17,197 [INFO] Round 40
2024-03-07 23:09:03,285 [INFO] time_checker results saved.
2024-03-07 23:09:03,530 [INFO] rule_checker results saved.
2024-03-07 23:09:03,689 [INFO] aggregation_checker results saved.
2024-03-07 23:09:05,572 [INFO] Time elapsed: 4:18:19
2024-03-07 23:09:05,572 [INFO] Round 41
2024-03-07 23:18:15,636 [INFO] Round 42
2024-03-07 23:26:31,473 [INFO] Round 43
2024-03-07 23:35:57,473 [INFO] Round 44
2024-03-07 23:45:57,930 [INFO] Round 45
2024-03-07 23:56:33,620 [INFO] Round 46
2024-03-08 00:07:52,078 [INFO] Round 47
2024-03-08 00:19:55,555 [INFO] Round 48
2024-03-08 00:31:34,544 [INFO] Round 49
2024-03-08 00:44:26,937 [INFO] Round 50
2024-03-08 00:55:46,021 [INFO] time_checker results saved.
2024-03-08 00:55:46,221 [INFO] rule_checker results saved.
2024-03-08 00:55:46,398 [INFO] aggregation_checker results saved.
2024-03-08 00:55:48,044 [INFO] Time elapsed: 6:05:01
2024-03-08 00:55:48,044 [INFO] Round 51
2024-03-08 01:08:02,483 [INFO] Round 52
2024-03-08 01:20:31,962 [INFO] Round 53
2024-03-08 01:32:50,021 [INFO] Round 54
2024-03-08 01:47:07,897 [INFO] Round 55
2024-03-08 02:00:40,052 [INFO] Round 56
2024-03-08 02:13:29,009 [INFO] Round 57
2024-03-08 02:26:29,495 [INFO] Round 58
2024-03-08 02:40:09,422 [INFO] Round 59
2024-03-08 02:52:23,956 [INFO] Round 60
2024-03-08 03:05:37,835 [INFO] time_checker results saved.
2024-03-08 03:05:38,031 [INFO] rule_checker results saved.
2024-03-08 03:05:38,234 [INFO] aggregation_checker results saved.
2024-03-08 03:05:39,979 [INFO] Time elapsed: 8:14:53
2024-03-08 03:05:39,979 [INFO] Round 61
2024-03-08 03:17:43,683 [INFO] Round 62
2024-03-08 03:29:30,149 [INFO] Round 63
2024-03-08 03:43:02,879 [INFO] Round 64
2024-03-08 03:57:50,014 [INFO] Round 65
2024-03-08 04:11:44,100 [INFO] Round 66
2024-03-08 04:26:22,006 [INFO] Round 67
2024-03-08 04:40:15,449 [INFO] Round 68
2024-03-08 04:53:35,474 [INFO] Round 69
2024-03-08 05:07:34,805 [INFO] Round 70
2024-03-08 05:22:58,448 [INFO] time_checker results saved.
2024-03-08 05:22:58,588 [INFO] rule_checker results saved.
2024-03-08 05:22:58,800 [INFO] aggregation_checker results saved.
2024-03-08 05:23:00,582 [INFO] Time elapsed: 10:32:14
2024-03-08 05:23:00,583 [INFO] Round 71
2024-03-08 05:38:23,457 [INFO] Round 72
2024-03-08 05:54:22,145 [INFO] Round 73
2024-03-08 06:08:25,006 [INFO] Round 74
2024-03-08 06:22:31,770 [INFO] Round 75
2024-03-08 06:36:50,091 [INFO] Round 76
2024-03-08 06:52:00,946 [INFO] Round 77
2024-03-08 07:09:08,874 [INFO] Round 78
2024-03-08 07:28:08,144 [INFO] Round 79
2024-03-08 07:52:09,230 [INFO] Round 80
2024-03-08 08:09:44,923 [INFO] time_checker results saved.
2024-03-08 08:09:45,095 [INFO] rule_checker results saved.
2024-03-08 08:09:45,256 [INFO] aggregation_checker results saved.
2024-03-08 08:09:46,903 [INFO] Time elapsed: 13:19:00
2024-03-08 08:09:46,903 [INFO] Round 81
2024-03-08 08:29:52,936 [INFO] Round 82
2024-03-08 08:49:00,383 [INFO] Round 83
2024-03-08 09:07:58,898 [INFO] Round 84
2024-03-08 09:32:22,688 [INFO] Round 85
2024-03-08 09:55:15,194 [INFO] Round 86
2024-03-08 10:18:17,951 [INFO] Round 87
2024-03-08 10:41:26,517 [INFO] Round 88
2024-03-08 11:02:39,406 [INFO] Round 89
2024-03-08 11:26:15,622 [INFO] Round 90
2024-03-08 11:50:48,776 [INFO] time_checker results saved.
2024-03-08 11:50:48,906 [INFO] rule_checker results saved.
2024-03-08 11:50:49,025 [INFO] aggregation_checker results saved.
2024-03-08 11:50:50,548 [INFO] Time elapsed: 17:00:04
2024-03-08 11:50:50,548 [INFO] Round 91
2024-03-08 12:15:03,606 [INFO] Round 92
2024-03-08 12:38:05,174 [INFO] Round 93
2024-03-08 13:03:27,881 [INFO] Round 94
2024-03-08 13:26:08,008 [INFO] Round 95
2024-03-08 13:50:09,766 [INFO] Round 96
2024-03-08 14:11:21,631 [INFO] Round 97
2024-03-08 14:31:31,030 [INFO] Round 98
2024-03-08 14:53:35,941 [INFO] Round 99
2024-03-08 15:15:02,263 [INFO] Round 100
2024-03-08 15:45:35,923 [INFO] History saved.
2024-03-08 15:45:36,271 [INFO] time_checker results saved.
2024-03-08 15:45:37,993 [INFO] time_checker answers saved.
2024-03-08 15:45:38,795 [INFO] rule_checker results saved.
2024-03-08 15:45:39,344 [INFO] rule_checker answers saved.
2024-03-08 15:45:39,703 [INFO] aggregation_checker results saved.
2024-03-08 15:45:39,953 [INFO] aggregation_checker answers saved.
2024-03-08 15:45:41,869 [INFO] Time elapsed: 20:54:55
