2024-03-13 16:00:41,033 [INFO] Check some rule-related questions using neutral identifiers for the players from Binz & Schulz (2023).
2024-03-13 16:00:41,033 [INFO] Starting time: 2024-03-13 16:00
2024-03-13 16:00:41,965 [INFO] Round 1
2024-03-13 16:01:46,755 [INFO] Round 2
2024-03-13 16:03:02,061 [INFO] Round 3
2024-03-13 16:04:37,776 [INFO] Round 4
2024-03-13 16:06:36,468 [INFO] Round 5
2024-03-13 16:08:06,622 [INFO] Round 6
2024-03-13 16:09:32,131 [INFO] Round 7
2024-03-13 16:11:08,300 [INFO] Round 8
2024-03-13 16:12:36,779 [INFO] Round 9
2024-03-13 16:14:18,881 [INFO] Round 10
2024-03-13 16:16:05,395 [INFO] rule_checker results saved.
2024-03-13 16:16:05,663 [INFO] rule_checker answers saved.
2024-03-13 16:16:06,879 [INFO] Time elapsed: 0:15:25
2024-03-13 16:16:06,880 [INFO] Round 11
2024-03-13 16:17:49,923 [INFO] Round 12
2024-03-13 16:24:39,846 [INFO] Round 13
2024-03-13 16:26:22,901 [INFO] Round 14
2024-03-13 16:27:38,040 [INFO] Round 15
2024-03-13 16:29:47,433 [INFO] Round 16
2024-03-13 16:31:29,189 [INFO] Round 17
2024-03-13 16:33:09,202 [INFO] Round 18
2024-03-13 16:35:04,178 [INFO] Round 19
2024-03-13 16:37:02,547 [INFO] Round 20
2024-03-13 16:39:19,065 [INFO] rule_checker results saved.
2024-03-13 16:39:19,263 [INFO] rule_checker answers saved.
2024-03-13 16:39:20,197 [INFO] Time elapsed: 0:38:39
2024-03-13 16:39:20,197 [INFO] Round 21
2024-03-13 16:40:57,355 [INFO] Round 22
2024-03-13 16:42:29,949 [INFO] Round 23
2024-03-13 16:43:45,735 [INFO] Round 24
2024-03-13 16:45:44,601 [INFO] Round 25
2024-03-13 16:47:29,572 [INFO] Round 26
2024-03-13 16:49:36,057 [INFO] Round 27
2024-03-13 16:51:21,451 [INFO] Round 28
2024-03-13 16:53:26,341 [INFO] Round 29
2024-03-13 16:54:56,162 [INFO] Round 30
2024-03-13 16:56:37,131 [INFO] rule_checker results saved.
2024-03-13 16:56:37,968 [INFO] rule_checker answers saved.
2024-03-13 16:56:38,860 [INFO] Time elapsed: 0:55:57
2024-03-13 16:56:38,860 [INFO] Round 31
2024-03-13 16:58:17,362 [INFO] Round 32
2024-03-13 17:00:30,399 [INFO] Round 33
2024-03-13 17:12:42,718 [INFO] Round 34
2024-03-13 17:14:49,532 [INFO] Round 35
2024-03-13 17:17:00,595 [INFO] Round 36
2024-03-13 17:18:44,697 [INFO] Round 37
2024-03-13 17:20:21,889 [INFO] Round 38
2024-03-13 17:22:27,608 [INFO] Round 39
2024-03-13 17:24:13,181 [INFO] Round 40
2024-03-13 17:25:57,031 [INFO] rule_checker results saved.
2024-03-13 17:25:57,187 [INFO] rule_checker answers saved.
2024-03-13 17:25:58,207 [INFO] Time elapsed: 1:25:17
2024-03-13 17:25:58,207 [INFO] Round 41
2024-03-13 17:28:13,075 [INFO] Round 42
2024-03-13 17:29:58,585 [INFO] Round 43
2024-03-13 17:32:50,146 [INFO] Round 44
2024-03-13 17:34:55,756 [INFO] Round 45
2024-03-13 17:36:11,443 [INFO] Round 46
2024-03-13 17:37:33,981 [INFO] Round 47
2024-03-13 17:38:55,874 [INFO] Round 48
2024-03-13 17:40:21,693 [INFO] Round 49
2024-03-13 17:42:00,135 [INFO] Round 50
2024-03-13 17:43:47,441 [INFO] rule_checker results saved.
2024-03-13 17:43:47,788 [INFO] rule_checker answers saved.
2024-03-13 17:43:49,517 [INFO] Time elapsed: 1:43:08
2024-03-13 17:43:49,517 [INFO] Round 51
2024-03-13 17:45:25,966 [INFO] Round 52
2024-03-13 17:47:04,251 [INFO] Round 53
2024-03-13 17:48:54,453 [INFO] Round 54
2024-03-13 17:50:48,648 [INFO] Round 55
2024-03-13 17:52:52,452 [INFO] Round 56
2024-03-13 17:54:41,838 [INFO] Round 57
2024-03-13 17:56:55,121 [INFO] Round 58
2024-03-13 17:58:50,048 [INFO] Round 59
2024-03-13 18:05:39,318 [INFO] Round 60
2024-03-13 18:07:37,833 [INFO] rule_checker results saved.
2024-03-13 18:07:38,164 [INFO] rule_checker answers saved.
2024-03-13 18:07:39,403 [INFO] Time elapsed: 2:06:58
2024-03-13 18:07:39,403 [INFO] Round 61
2024-03-13 18:09:23,329 [INFO] Round 62
2024-03-13 18:11:07,891 [INFO] Round 63
2024-03-13 18:12:48,284 [INFO] Round 64
2024-03-13 18:14:24,744 [INFO] Round 65
2024-03-13 18:15:57,904 [INFO] Round 66
2024-03-13 18:17:33,146 [INFO] Round 67
2024-03-13 18:19:18,029 [INFO] Round 68
2024-03-13 18:21:07,468 [INFO] Round 69
2024-03-13 18:22:46,899 [INFO] Round 70
2024-03-13 18:24:20,876 [INFO] rule_checker results saved.
2024-03-13 18:24:21,039 [INFO] rule_checker answers saved.
2024-03-13 18:24:21,861 [INFO] Time elapsed: 2:23:40
2024-03-13 18:24:21,861 [INFO] Round 71
2024-03-13 18:26:11,794 [INFO] Round 72
2024-03-13 18:27:53,614 [INFO] Round 73
2024-03-13 18:29:26,714 [INFO] Round 74
2024-03-13 18:30:56,657 [INFO] Round 75
2024-03-13 18:32:25,791 [INFO] Round 76
2024-03-13 18:34:02,478 [INFO] Round 77
2024-03-13 18:35:37,123 [INFO] Round 78
2024-03-13 18:37:14,253 [INFO] Round 79
2024-03-13 18:38:28,783 [INFO] Round 80
2024-03-13 18:39:42,662 [INFO] rule_checker results saved.
2024-03-13 18:39:42,845 [INFO] rule_checker answers saved.
2024-03-13 18:39:43,570 [INFO] Time elapsed: 2:39:02
2024-03-13 18:39:43,570 [INFO] Round 81
2024-03-13 18:41:04,628 [INFO] Round 82
2024-03-13 18:42:34,600 [INFO] Round 83
2024-03-13 18:43:57,955 [INFO] Round 84
2024-03-13 18:45:18,104 [INFO] Round 85
2024-03-13 18:46:40,308 [INFO] Round 86
2024-03-13 18:47:50,128 [INFO] Round 87
2024-03-13 18:48:56,209 [INFO] Round 88
2024-03-13 18:50:19,197 [INFO] Round 89
2024-03-13 18:51:26,632 [INFO] Round 90
2024-03-13 18:52:27,964 [INFO] rule_checker results saved.
2024-03-13 18:52:28,943 [INFO] rule_checker answers saved.
2024-03-13 18:52:29,981 [INFO] Time elapsed: 2:51:48
2024-03-13 18:52:29,981 [INFO] Round 91
2024-03-13 18:53:28,097 [INFO] Round 92
2024-03-13 18:54:29,106 [INFO] Round 93
2024-03-13 18:55:45,122 [INFO] Round 94
2024-03-13 18:56:45,433 [INFO] Round 95
2024-03-13 18:57:48,079 [INFO] Round 96
2024-03-13 18:58:53,541 [INFO] Round 97
2024-03-13 18:59:50,219 [INFO] Round 98
2024-03-13 19:00:46,143 [INFO] Round 99
2024-03-13 19:01:45,638 [INFO] Round 100
2024-03-13 19:02:45,482 [INFO] History saved.
2024-03-13 19:02:45,733 [INFO] rule_checker results saved.
2024-03-13 19:02:46,098 [INFO] rule_checker answers saved.
2024-03-13 19:02:48,072 [INFO] Time elapsed: 3:02:07
