2024-04-22 13:34:40,094 [INFO] Run the main strategies against both RND and themselves, and compute the behavioral profile for each one in both cases.The main strategies are the following: dict_keys(['random_strategy', 'always_cooperate', 'always_defect', 'tit_for_tat', 'suspicious_tit_for_tat', 'grim', 'pavlov', 'win_stay_lose_shift']).The behavioral features composing the behavioral profile are the following: dict_keys(['niceness', 'forgiveness1', 'forgiveness2', 'provocability', 'cooperativeness', 'emulation', 'troublemaking', 'naivety', 'consistency']).
2024-04-22 13:34:40,094 [INFO] Starting time: 2024-04-22 13:34:39
2024-04-22 13:34:40,094 [INFO] Strategy: random_strategy
2024-04-22 13:34:40,094 [INFO] Opponent: RND
2024-04-22 13:34:47,129 [INFO] Game 100
2024-04-22 13:34:47,184 [INFO] Time elapsed: 0:00:08
2024-04-22 13:34:53,297 [INFO] Game 200
2024-04-22 13:34:53,393 [INFO] Time elapsed: 0:00:14
2024-04-22 13:35:00,885 [INFO] Game 300
2024-04-22 13:35:00,918 [INFO] Time elapsed: 0:00:21
2024-04-22 13:35:07,073 [INFO] Game 400
2024-04-22 13:35:07,110 [INFO] Time elapsed: 0:00:28
2024-04-22 13:35:13,008 [INFO] Game 500
2024-04-22 13:35:13,056 [INFO] Time elapsed: 0:00:34
2024-04-22 13:35:18,769 [INFO] Game 600
2024-04-22 13:35:18,840 [INFO] Time elapsed: 0:00:39
2024-04-22 13:35:24,760 [INFO] Game 700
2024-04-22 13:35:24,793 [INFO] Time elapsed: 0:00:45
2024-04-22 13:35:30,390 [INFO] Game 800
2024-04-22 13:35:30,475 [INFO] Time elapsed: 0:00:51
2024-04-22 13:35:35,888 [INFO] Game 900
2024-04-22 13:35:35,935 [INFO] Time elapsed: 0:00:56
2024-04-22 13:35:41,746 [INFO] Game 1000
2024-04-22 13:35:41,788 [INFO] Time elapsed: 0:01:02
2024-04-22 13:35:42,801 [INFO] Opponent: self
2024-04-22 13:35:48,598 [INFO] Game 100
2024-04-22 13:35:48,626 [INFO] Time elapsed: 0:01:09
2024-04-22 13:35:54,049 [INFO] Game 200
2024-04-22 13:35:54,137 [INFO] Time elapsed: 0:01:15
2024-04-22 13:36:00,286 [INFO] Game 300
2024-04-22 13:36:00,348 [INFO] Time elapsed: 0:01:21
2024-04-22 13:36:06,420 [INFO] Game 400
2024-04-22 13:36:06,448 [INFO] Time elapsed: 0:01:27
2024-04-22 13:36:12,497 [INFO] Game 500
2024-04-22 13:36:12,541 [INFO] Time elapsed: 0:01:33
2024-04-22 13:36:18,587 [INFO] Game 600
2024-04-22 13:36:18,633 [INFO] Time elapsed: 0:01:39
2024-04-22 13:36:24,656 [INFO] Game 700
2024-04-22 13:36:24,709 [INFO] Time elapsed: 0:01:45
2024-04-22 13:36:30,761 [INFO] Game 800
2024-04-22 13:36:30,816 [INFO] Time elapsed: 0:01:51
2024-04-22 13:36:36,681 [INFO] Game 900
2024-04-22 13:36:36,765 [INFO] Time elapsed: 0:01:57
2024-04-22 13:36:42,589 [INFO] Game 1000
2024-04-22 13:36:42,670 [INFO] Time elapsed: 0:02:03
2024-04-22 13:36:43,642 [INFO] Strategy: always_cooperate
2024-04-22 13:36:43,642 [INFO] Opponent: RND
2024-04-22 13:36:52,312 [INFO] Game 100
2024-04-22 13:36:52,396 [INFO] Time elapsed: 0:02:13
2024-04-22 13:36:58,097 [INFO] Game 200
2024-04-22 13:36:58,152 [INFO] Time elapsed: 0:02:19
2024-04-22 13:37:04,381 [INFO] Game 300
2024-04-22 13:37:04,477 [INFO] Time elapsed: 0:02:25
2024-04-22 13:37:09,997 [INFO] Game 400
2024-04-22 13:37:10,039 [INFO] Time elapsed: 0:02:31
2024-04-22 13:37:15,723 [INFO] Game 500
2024-04-22 13:37:15,763 [INFO] Time elapsed: 0:02:36
2024-04-22 13:37:22,197 [INFO] Game 600
2024-04-22 13:37:22,265 [INFO] Time elapsed: 0:02:43
2024-04-22 13:37:27,566 [INFO] Game 700
2024-04-22 13:37:27,610 [INFO] Time elapsed: 0:02:48
2024-04-22 13:37:34,593 [INFO] Game 800
2024-04-22 13:37:34,658 [INFO] Time elapsed: 0:02:55
2024-04-22 13:37:41,305 [INFO] Game 900
2024-04-22 13:37:41,387 [INFO] Time elapsed: 0:03:02
2024-04-22 13:37:48,415 [INFO] Game 1000
2024-04-22 13:37:48,463 [INFO] Time elapsed: 0:03:09
2024-04-22 13:37:49,169 [INFO] Opponent: self
2024-04-22 13:37:55,678 [INFO] Game 100
2024-04-22 13:37:55,729 [INFO] Time elapsed: 0:03:16
2024-04-22 13:38:01,625 [INFO] Game 200
2024-04-22 13:38:01,683 [INFO] Time elapsed: 0:03:22
2024-04-22 13:38:08,516 [INFO] Game 300
2024-04-22 13:38:08,551 [INFO] Time elapsed: 0:03:29
2024-04-22 13:38:14,486 [INFO] Game 400
2024-04-22 13:38:14,549 [INFO] Time elapsed: 0:03:35
2024-04-22 13:38:21,345 [INFO] Game 500
2024-04-22 13:38:21,383 [INFO] Time elapsed: 0:03:42
2024-04-22 13:38:27,961 [INFO] Game 600
2024-04-22 13:38:28,003 [INFO] Time elapsed: 0:03:49
2024-04-22 13:38:34,598 [INFO] Game 700
2024-04-22 13:38:34,644 [INFO] Time elapsed: 0:03:55
2024-04-22 13:38:41,168 [INFO] Game 800
2024-04-22 13:38:41,220 [INFO] Time elapsed: 0:04:02
2024-04-22 13:38:46,959 [INFO] Game 900
2024-04-22 13:38:47,003 [INFO] Time elapsed: 0:04:08
2024-04-22 13:38:53,236 [INFO] Game 1000
2024-04-22 13:38:53,303 [INFO] Time elapsed: 0:04:14
2024-04-22 13:38:53,884 [INFO] Strategy: always_defect
2024-04-22 13:38:53,884 [INFO] Opponent: RND
2024-04-22 13:39:00,800 [INFO] Game 100
2024-04-22 13:39:00,842 [INFO] Time elapsed: 0:04:21
2024-04-22 13:39:07,415 [INFO] Game 200
2024-04-22 13:39:07,559 [INFO] Time elapsed: 0:04:28
2024-04-22 13:39:15,773 [INFO] Game 300
2024-04-22 13:39:15,823 [INFO] Time elapsed: 0:04:36
2024-04-22 13:39:22,791 [INFO] Game 400
2024-04-22 13:39:22,861 [INFO] Time elapsed: 0:04:43
2024-04-22 13:39:30,093 [INFO] Game 500
2024-04-22 13:39:30,154 [INFO] Time elapsed: 0:04:51
2024-04-22 13:39:37,563 [INFO] Game 600
2024-04-22 13:39:37,659 [INFO] Time elapsed: 0:04:58
2024-04-22 13:39:43,657 [INFO] Game 700
2024-04-22 13:39:43,722 [INFO] Time elapsed: 0:05:04
2024-04-22 13:39:49,652 [INFO] Game 800
2024-04-22 13:39:49,701 [INFO] Time elapsed: 0:05:10
2024-04-22 13:39:56,110 [INFO] Game 900
2024-04-22 13:39:56,193 [INFO] Time elapsed: 0:05:17
2024-04-22 13:40:03,041 [INFO] Game 1000
2024-04-22 13:40:03,086 [INFO] Time elapsed: 0:05:24
2024-04-22 13:40:03,953 [INFO] Opponent: self
2024-04-22 13:40:11,442 [INFO] Game 100
2024-04-22 13:40:11,541 [INFO] Time elapsed: 0:05:32
2024-04-22 13:40:18,255 [INFO] Game 200
2024-04-22 13:40:18,299 [INFO] Time elapsed: 0:05:39
2024-04-22 13:40:25,023 [INFO] Game 300
2024-04-22 13:40:25,096 [INFO] Time elapsed: 0:05:46
2024-04-22 13:40:33,038 [INFO] Game 400
2024-04-22 13:40:33,133 [INFO] Time elapsed: 0:05:54
2024-04-22 13:40:41,692 [INFO] Game 500
2024-04-22 13:40:41,771 [INFO] Time elapsed: 0:06:02
2024-04-22 13:40:50,385 [INFO] Game 600
2024-04-22 13:40:50,459 [INFO] Time elapsed: 0:06:11
2024-04-22 13:40:59,612 [INFO] Game 700
2024-04-22 13:40:59,703 [INFO] Time elapsed: 0:06:20
2024-04-22 13:41:08,710 [INFO] Game 800
2024-04-22 13:41:08,781 [INFO] Time elapsed: 0:06:29
2024-04-22 13:41:17,125 [INFO] Game 900
2024-04-22 13:41:17,166 [INFO] Time elapsed: 0:06:38
2024-04-22 13:41:23,671 [INFO] Game 1000
2024-04-22 13:41:23,773 [INFO] Time elapsed: 0:06:44
2024-04-22 13:41:24,790 [INFO] Strategy: tit_for_tat
2024-04-22 13:41:24,790 [INFO] Opponent: RND
2024-04-22 13:41:33,275 [INFO] Game 100
2024-04-22 13:41:33,363 [INFO] Time elapsed: 0:06:54
2024-04-22 13:41:41,400 [INFO] Game 200
2024-04-22 13:41:41,453 [INFO] Time elapsed: 0:07:02
2024-04-22 13:41:48,894 [INFO] Game 300
2024-04-22 13:41:48,948 [INFO] Time elapsed: 0:07:09
2024-04-22 13:41:55,993 [INFO] Game 400
2024-04-22 13:41:56,117 [INFO] Time elapsed: 0:07:17
2024-04-22 13:42:03,065 [INFO] Game 500
2024-04-22 13:42:03,117 [INFO] Time elapsed: 0:07:24
2024-04-22 13:42:09,266 [INFO] Game 600
2024-04-22 13:42:09,319 [INFO] Time elapsed: 0:07:30
2024-04-22 13:42:15,922 [INFO] Game 700
2024-04-22 13:42:16,019 [INFO] Time elapsed: 0:07:37
2024-04-22 13:42:22,372 [INFO] Game 800
2024-04-22 13:42:22,439 [INFO] Time elapsed: 0:07:43
2024-04-22 13:42:28,653 [INFO] Game 900
2024-04-22 13:42:28,703 [INFO] Time elapsed: 0:07:49
2024-04-22 13:42:35,398 [INFO] Game 1000
2024-04-22 13:42:35,451 [INFO] Time elapsed: 0:07:56
2024-04-22 13:42:36,373 [INFO] Opponent: self
2024-04-22 13:42:42,567 [INFO] Game 100
2024-04-22 13:42:42,609 [INFO] Time elapsed: 0:08:03
2024-04-22 13:42:49,007 [INFO] Game 200
2024-04-22 13:42:49,037 [INFO] Time elapsed: 0:08:10
2024-04-22 13:42:55,416 [INFO] Game 300
2024-04-22 13:42:55,479 [INFO] Time elapsed: 0:08:16
2024-04-22 13:43:02,187 [INFO] Game 400
2024-04-22 13:43:02,231 [INFO] Time elapsed: 0:08:23
2024-04-22 13:43:08,363 [INFO] Game 500
2024-04-22 13:43:08,449 [INFO] Time elapsed: 0:08:29
2024-04-22 13:43:14,260 [INFO] Game 600
2024-04-22 13:43:14,397 [INFO] Time elapsed: 0:08:35
2024-04-22 13:43:21,131 [INFO] Game 700
2024-04-22 13:43:21,190 [INFO] Time elapsed: 0:08:42
2024-04-22 13:43:28,319 [INFO] Game 800
2024-04-22 13:43:28,368 [INFO] Time elapsed: 0:08:49
2024-04-22 13:43:34,927 [INFO] Game 900
2024-04-22 13:43:35,002 [INFO] Time elapsed: 0:08:56
2024-04-22 13:43:40,826 [INFO] Game 1000
2024-04-22 13:43:41,104 [INFO] Time elapsed: 0:09:02
2024-04-22 13:43:41,695 [INFO] Strategy: suspicious_tit_for_tat
2024-04-22 13:43:41,695 [INFO] Opponent: RND
2024-04-22 13:43:47,897 [INFO] Game 100
2024-04-22 13:43:48,007 [INFO] Time elapsed: 0:09:09
2024-04-22 13:43:54,051 [INFO] Game 200
2024-04-22 13:43:54,161 [INFO] Time elapsed: 0:09:15
2024-04-22 13:44:01,318 [INFO] Game 300
2024-04-22 13:44:01,347 [INFO] Time elapsed: 0:09:22
2024-04-22 13:44:07,113 [INFO] Game 400
2024-04-22 13:44:07,207 [INFO] Time elapsed: 0:09:28
2024-04-22 13:44:13,185 [INFO] Game 500
2024-04-22 13:44:13,241 [INFO] Time elapsed: 0:09:34
2024-04-22 13:44:18,728 [INFO] Game 600
2024-04-22 13:44:18,767 [INFO] Time elapsed: 0:09:39
2024-04-22 13:44:25,258 [INFO] Game 700
2024-04-22 13:44:25,344 [INFO] Time elapsed: 0:09:46
2024-04-22 13:44:31,289 [INFO] Game 800
2024-04-22 13:44:31,359 [INFO] Time elapsed: 0:09:52
2024-04-22 13:44:37,913 [INFO] Game 900
2024-04-22 13:44:37,955 [INFO] Time elapsed: 0:09:58
2024-04-22 13:44:43,919 [INFO] Game 1000
2024-04-22 13:44:43,993 [INFO] Time elapsed: 0:10:04
2024-04-22 13:44:44,887 [INFO] Opponent: self
2024-04-22 13:44:51,137 [INFO] Game 100
2024-04-22 13:44:51,176 [INFO] Time elapsed: 0:10:12
2024-04-22 13:44:57,976 [INFO] Game 200
2024-04-22 13:44:58,018 [INFO] Time elapsed: 0:10:19
2024-04-22 13:45:03,737 [INFO] Game 300
2024-04-22 13:45:03,794 [INFO] Time elapsed: 0:10:24
2024-04-22 13:45:09,541 [INFO] Game 400
2024-04-22 13:45:09,578 [INFO] Time elapsed: 0:10:30
2024-04-22 13:45:15,302 [INFO] Game 500
2024-04-22 13:45:15,344 [INFO] Time elapsed: 0:10:36
2024-04-22 13:45:20,887 [INFO] Game 600
2024-04-22 13:45:20,935 [INFO] Time elapsed: 0:10:41
2024-04-22 13:45:26,512 [INFO] Game 700
2024-04-22 13:45:26,554 [INFO] Time elapsed: 0:10:47
2024-04-22 13:45:32,319 [INFO] Game 800
2024-04-22 13:45:32,391 [INFO] Time elapsed: 0:10:53
2024-04-22 13:45:38,043 [INFO] Game 900
2024-04-22 13:45:38,073 [INFO] Time elapsed: 0:10:59
2024-04-22 13:45:44,829 [INFO] Game 1000
2024-04-22 13:45:44,940 [INFO] Time elapsed: 0:11:05
2024-04-22 13:45:45,906 [INFO] Strategy: grim
2024-04-22 13:45:45,907 [INFO] Opponent: RND
2024-04-22 13:45:52,346 [INFO] Game 100
2024-04-22 13:45:52,399 [INFO] Time elapsed: 0:11:13
2024-04-22 13:45:58,063 [INFO] Game 200
2024-04-22 13:45:58,105 [INFO] Time elapsed: 0:11:19
2024-04-22 13:46:04,344 [INFO] Game 300
2024-04-22 13:46:04,406 [INFO] Time elapsed: 0:11:25
2024-04-22 13:46:10,891 [INFO] Game 400
2024-04-22 13:46:10,956 [INFO] Time elapsed: 0:11:31
2024-04-22 13:46:17,455 [INFO] Game 500
2024-04-22 13:46:17,507 [INFO] Time elapsed: 0:11:38
2024-04-22 13:46:23,605 [INFO] Game 600
2024-04-22 13:46:23,645 [INFO] Time elapsed: 0:11:44
2024-04-22 13:46:29,806 [INFO] Game 700
2024-04-22 13:46:29,845 [INFO] Time elapsed: 0:11:50
2024-04-22 13:46:35,785 [INFO] Game 800
2024-04-22 13:46:35,853 [INFO] Time elapsed: 0:11:56
2024-04-22 13:46:41,367 [INFO] Game 900
2024-04-22 13:46:41,404 [INFO] Time elapsed: 0:12:02
2024-04-22 13:46:47,837 [INFO] Game 1000
2024-04-22 13:46:47,915 [INFO] Time elapsed: 0:12:08
2024-04-22 13:46:48,750 [INFO] Opponent: self
2024-04-22 13:46:54,520 [INFO] Game 100
2024-04-22 13:46:54,578 [INFO] Time elapsed: 0:12:15
2024-04-22 13:47:01,140 [INFO] Game 200
2024-04-22 13:47:01,259 [INFO] Time elapsed: 0:12:22
2024-04-22 13:47:08,445 [INFO] Game 300
2024-04-22 13:47:08,577 [INFO] Time elapsed: 0:12:29
2024-04-22 13:47:14,862 [INFO] Game 400
2024-04-22 13:47:14,901 [INFO] Time elapsed: 0:12:35
2024-04-22 13:47:21,853 [INFO] Game 500
2024-04-22 13:47:21,891 [INFO] Time elapsed: 0:12:42
2024-04-22 13:47:27,485 [INFO] Game 600
2024-04-22 13:47:27,527 [INFO] Time elapsed: 0:12:48
2024-04-22 13:47:33,696 [INFO] Game 700
2024-04-22 13:47:33,744 [INFO] Time elapsed: 0:12:54
2024-04-22 13:47:39,225 [INFO] Game 800
2024-04-22 13:47:39,264 [INFO] Time elapsed: 0:13:00
2024-04-22 13:47:45,019 [INFO] Game 900
2024-04-22 13:47:45,116 [INFO] Time elapsed: 0:13:06
2024-04-22 13:47:51,606 [INFO] Game 1000
2024-04-22 13:47:51,674 [INFO] Time elapsed: 0:13:12
2024-04-22 13:47:52,242 [INFO] Strategy: pavlov
2024-04-22 13:47:52,242 [INFO] Opponent: RND
2024-04-22 13:47:59,392 [INFO] Game 100
2024-04-22 13:47:59,459 [INFO] Time elapsed: 0:13:20
2024-04-22 13:48:05,470 [INFO] Game 200
2024-04-22 13:48:05,520 [INFO] Time elapsed: 0:13:26
2024-04-22 13:48:12,109 [INFO] Game 300
2024-04-22 13:48:12,178 [INFO] Time elapsed: 0:13:33
2024-04-22 13:48:17,909 [INFO] Game 400
2024-04-22 13:48:17,944 [INFO] Time elapsed: 0:13:38
2024-04-22 13:48:24,123 [INFO] Game 500
2024-04-22 13:48:24,199 [INFO] Time elapsed: 0:13:45
2024-04-22 13:48:30,803 [INFO] Game 600
2024-04-22 13:48:30,832 [INFO] Time elapsed: 0:13:51
2024-04-22 13:48:36,961 [INFO] Game 700
2024-04-22 13:48:37,027 [INFO] Time elapsed: 0:13:58
2024-04-22 13:48:42,937 [INFO] Game 800
2024-04-22 13:48:42,980 [INFO] Time elapsed: 0:14:03
2024-04-22 13:48:48,277 [INFO] Game 900
2024-04-22 13:48:48,328 [INFO] Time elapsed: 0:14:09
2024-04-22 13:48:53,999 [INFO] Game 1000
2024-04-22 13:48:54,051 [INFO] Time elapsed: 0:14:15
2024-04-22 13:48:54,938 [INFO] Opponent: self
2024-04-22 13:49:01,108 [INFO] Game 100
2024-04-22 13:49:01,325 [INFO] Time elapsed: 0:14:22
2024-04-22 13:49:07,046 [INFO] Game 200
2024-04-22 13:49:07,121 [INFO] Time elapsed: 0:14:28
2024-04-22 13:49:12,999 [INFO] Game 300
2024-04-22 13:49:13,035 [INFO] Time elapsed: 0:14:34
2024-04-22 13:49:19,159 [INFO] Game 400
2024-04-22 13:49:19,210 [INFO] Time elapsed: 0:14:40
2024-04-22 13:49:25,045 [INFO] Game 500
2024-04-22 13:49:25,095 [INFO] Time elapsed: 0:14:46
2024-04-22 13:49:30,441 [INFO] Game 600
2024-04-22 13:49:30,688 [INFO] Time elapsed: 0:14:51
2024-04-22 13:49:37,226 [INFO] Game 700
2024-04-22 13:49:37,261 [INFO] Time elapsed: 0:14:58
2024-04-22 13:49:43,508 [INFO] Game 800
2024-04-22 13:49:43,542 [INFO] Time elapsed: 0:15:04
2024-04-22 13:49:50,802 [INFO] Game 900
2024-04-22 13:49:50,893 [INFO] Time elapsed: 0:15:11
2024-04-22 13:49:57,875 [INFO] Game 1000
2024-04-22 13:49:57,935 [INFO] Time elapsed: 0:15:18
2024-04-22 13:49:58,508 [INFO] Strategy: win_stay_lose_shift
2024-04-22 13:49:58,508 [INFO] Opponent: RND
2024-04-22 13:50:07,859 [INFO] Game 100
2024-04-22 13:50:07,974 [INFO] Time elapsed: 0:15:28
2024-04-22 13:50:14,310 [INFO] Game 200
2024-04-22 13:50:14,368 [INFO] Time elapsed: 0:15:35
2024-04-22 13:50:21,950 [INFO] Game 300
2024-04-22 13:50:21,992 [INFO] Time elapsed: 0:15:42
2024-04-22 13:50:29,425 [INFO] Game 400
2024-04-22 13:50:29,508 [INFO] Time elapsed: 0:15:50
2024-04-22 13:50:37,198 [INFO] Game 500
2024-04-22 13:50:37,247 [INFO] Time elapsed: 0:15:58
2024-04-22 13:50:44,366 [INFO] Game 600
2024-04-22 13:50:44,476 [INFO] Time elapsed: 0:16:05
2024-04-22 13:50:51,250 [INFO] Game 700
2024-04-22 13:50:51,292 [INFO] Time elapsed: 0:16:12
2024-04-22 13:50:59,721 [INFO] Game 800
2024-04-22 13:50:59,771 [INFO] Time elapsed: 0:16:20
2024-04-22 13:51:07,821 [INFO] Game 900
2024-04-22 13:51:07,871 [INFO] Time elapsed: 0:16:28
2024-04-22 13:51:15,024 [INFO] Game 1000
2024-04-22 13:51:15,075 [INFO] Time elapsed: 0:16:36
2024-04-22 13:51:16,019 [INFO] Opponent: self
2024-04-22 13:51:22,224 [INFO] Game 100
2024-04-22 13:51:22,319 [INFO] Time elapsed: 0:16:43
2024-04-22 13:51:28,801 [INFO] Game 200
2024-04-22 13:51:28,897 [INFO] Time elapsed: 0:16:49
2024-04-22 13:51:35,715 [INFO] Game 300
2024-04-22 13:51:35,766 [INFO] Time elapsed: 0:16:56
2024-04-22 13:51:42,483 [INFO] Game 400
2024-04-22 13:51:42,562 [INFO] Time elapsed: 0:17:03
2024-04-22 13:51:48,421 [INFO] Game 500
2024-04-22 13:51:48,450 [INFO] Time elapsed: 0:17:09
2024-04-22 13:51:54,475 [INFO] Game 600
2024-04-22 13:51:54,525 [INFO] Time elapsed: 0:17:15
2024-04-22 13:52:00,652 [INFO] Game 700
2024-04-22 13:52:00,695 [INFO] Time elapsed: 0:17:21
2024-04-22 13:52:07,207 [INFO] Game 800
2024-04-22 13:52:07,534 [INFO] Time elapsed: 0:17:28
2024-04-22 13:52:13,434 [INFO] Game 900
2024-04-22 13:52:13,605 [INFO] Time elapsed: 0:17:34
2024-04-22 13:52:19,779 [INFO] Game 1000
2024-04-22 13:52:19,836 [INFO] Time elapsed: 0:17:40
