2024-03-11 13:55:16,193 [INFO] Trying natural language AvsB prompt with Kojima et al. (2023) zero-shot addition.
2024-03-11 13:55:16,194 [INFO] Starting time: 2024-03-11 13:55
2024-03-11 13:55:16,987 [INFO] Round 1
2024-03-11 14:00:05,047 [INFO] Round 2
2024-03-11 14:11:03,329 [INFO] Round 3
2024-03-11 14:18:18,658 [INFO] Round 4
2024-03-11 14:32:11,885 [INFO] Round 5
2024-03-11 14:43:29,953 [INFO] Round 6
2024-03-11 14:58:12,539 [INFO] Round 7
2024-03-11 15:19:48,579 [INFO] Round 8
2024-03-11 15:35:00,087 [INFO] Round 9
2024-03-11 15:52:40,586 [INFO] Round 10
2024-03-11 16:10:32,833 [INFO] time_checker results saved.
2024-03-11 16:10:32,976 [INFO] rule_checker results saved.
2024-03-11 16:10:33,180 [INFO] aggregation_checker results saved.
2024-03-11 16:10:35,038 [INFO] Time elapsed: 2:15:18
2024-03-11 16:10:35,038 [INFO] Round 11
2024-03-11 16:28:26,107 [INFO] Round 12
2024-03-11 16:43:49,863 [INFO] Round 13
2024-03-11 17:05:26,547 [INFO] Round 14
2024-03-11 17:22:02,006 [INFO] Round 15
2024-03-11 17:43:00,292 [INFO] Round 16
2024-03-11 18:00:25,748 [INFO] Round 17
2024-03-11 18:17:17,178 [INFO] Round 18
2024-03-11 18:33:14,906 [INFO] Round 19
2024-03-11 18:51:04,057 [INFO] Round 20
2024-03-11 19:13:25,720 [INFO] time_checker results saved.
2024-03-11 19:13:25,800 [INFO] rule_checker results saved.
2024-03-11 19:13:25,883 [INFO] aggregation_checker results saved.
2024-03-11 19:13:27,160 [INFO] Time elapsed: 5:18:10
2024-03-11 19:13:27,160 [INFO] Round 21
2024-03-11 19:34:19,453 [INFO] Round 22
2024-03-11 19:59:11,724 [INFO] Round 23
2024-03-11 20:19:54,255 [INFO] Round 24
2024-03-11 20:42:09,602 [INFO] Round 25
2024-03-11 21:08:27,848 [INFO] Round 26
2024-03-11 21:39:09,361 [INFO] Round 27
2024-03-11 22:02:50,990 [INFO] Round 28
2024-03-11 22:29:19,976 [INFO] Round 29
2024-03-11 22:50:35,741 [INFO] Round 30
2024-03-11 23:23:38,568 [INFO] time_checker results saved.
2024-03-11 23:23:38,688 [INFO] rule_checker results saved.
2024-03-11 23:23:38,833 [INFO] aggregation_checker results saved.
2024-03-11 23:23:40,300 [INFO] Time elapsed: 9:28:24
2024-03-11 23:23:40,300 [INFO] Round 31
2024-03-11 23:54:18,978 [INFO] Round 32
2024-03-12 00:29:22,279 [INFO] Round 33
2024-03-12 00:53:54,640 [INFO] Round 34
2024-03-12 01:24:01,214 [INFO] Round 35
2024-03-12 01:54:26,444 [INFO] Round 36
2024-03-12 02:31:21,150 [INFO] Round 37
2024-03-12 03:00:51,439 [INFO] Round 38
2024-03-12 03:39:11,769 [INFO] Round 39
2024-03-12 04:15:47,877 [INFO] Round 40
2024-03-12 04:53:39,441 [INFO] time_checker results saved.
2024-03-12 04:53:39,531 [INFO] rule_checker results saved.
2024-03-12 04:53:39,591 [INFO] aggregation_checker results saved.
2024-03-12 04:53:40,939 [INFO] Time elapsed: 14:58:24
2024-03-12 04:53:40,939 [INFO] Round 41
2024-03-12 05:27:54,529 [INFO] Round 42
2024-03-12 06:00:19,156 [INFO] Round 43
2024-03-12 06:35:00,468 [INFO] Round 44
2024-03-12 07:19:37,212 [INFO] Round 45
2024-03-12 08:00:39,814 [INFO] Round 46
2024-03-12 08:35:20,366 [INFO] Round 47
2024-03-12 09:16:57,411 [INFO] Round 48
2024-03-12 09:48:49,891 [INFO] Round 49
2024-03-12 10:29:37,045 [INFO] Round 50
2024-03-12 11:11:59,202 [INFO] time_checker results saved.
2024-03-12 11:11:59,325 [INFO] rule_checker results saved.
2024-03-12 11:11:59,462 [INFO] aggregation_checker results saved.
2024-03-12 11:12:00,800 [INFO] Time elapsed: 21:16:44
2024-03-12 11:12:00,801 [INFO] Round 51
