2024-03-08 16:27:45,826 [INFO] Trying histories as lists. Very implicit, but much more compact.
2024-03-08 16:27:45,827 [INFO] Starting time: 2024-03-08 16:27
2024-03-08 16:34:39,653 [INFO] Round 1
2024-03-08 16:37:17,680 [INFO] Round 2
2024-03-08 16:40:25,270 [INFO] Round 3
2024-03-08 16:43:21,113 [INFO] Round 4
2024-03-08 16:47:20,712 [INFO] Round 5
2024-03-08 16:50:09,467 [INFO] Round 6
2024-03-08 16:54:08,062 [INFO] Round 7
2024-03-08 16:57:56,410 [INFO] Round 8
2024-03-08 17:01:53,332 [INFO] Round 9
2024-03-08 17:06:03,373 [INFO] Round 10
2024-03-08 17:10:51,543 [INFO] time_checker results saved.
2024-03-08 17:10:51,637 [INFO] rule_checker results saved.
2024-03-08 17:10:51,759 [INFO] aggregation_checker results saved.
2024-03-08 17:10:53,445 [INFO] Time elapsed: 0:43:07
2024-03-08 17:10:53,445 [INFO] Round 11
2024-03-08 17:16:02,033 [INFO] Round 12
2024-03-08 17:21:45,356 [INFO] Round 13
2024-03-08 17:27:48,403 [INFO] Round 14
2024-03-08 17:34:46,814 [INFO] Round 15
2024-03-08 17:41:51,674 [INFO] Round 16
2024-03-08 17:49:39,806 [INFO] Round 17
2024-03-08 17:57:18,684 [INFO] Round 18
2024-03-08 18:05:05,761 [INFO] Round 19
2024-03-08 18:14:06,390 [INFO] Round 20
2024-03-08 18:23:04,129 [INFO] time_checker results saved.
2024-03-08 18:23:04,232 [INFO] rule_checker results saved.
2024-03-08 18:23:04,340 [INFO] aggregation_checker results saved.
2024-03-08 18:23:06,210 [INFO] Time elapsed: 1:55:20
2024-03-08 18:23:06,210 [INFO] Round 21
2024-03-08 18:32:43,510 [INFO] Round 22
2024-03-08 18:41:55,845 [INFO] Round 23
2024-03-08 18:51:15,173 [INFO] Round 24
2024-03-08 19:01:04,100 [INFO] Round 25
2024-03-08 19:11:22,551 [INFO] Round 26
2024-03-08 19:21:35,288 [INFO] Round 27
2024-03-08 19:31:56,804 [INFO] Round 28
2024-03-08 19:42:29,801 [INFO] Round 29
2024-03-08 19:54:07,621 [INFO] Round 30
2024-03-08 20:07:03,432 [INFO] time_checker results saved.
2024-03-08 20:07:03,602 [INFO] rule_checker results saved.
2024-03-08 20:07:03,788 [INFO] aggregation_checker results saved.
2024-03-08 20:07:05,288 [INFO] Time elapsed: 3:39:19
2024-03-08 20:07:05,288 [INFO] Round 31
2024-03-08 20:19:23,863 [INFO] Round 32
2024-03-08 20:33:27,910 [INFO] Round 33
2024-03-08 20:47:08,894 [INFO] Round 34
2024-03-08 21:00:15,389 [INFO] Round 35
2024-03-08 21:13:02,594 [INFO] Round 36
2024-03-08 21:26:39,538 [INFO] Round 37
2024-03-08 21:39:41,395 [INFO] Round 38
2024-03-08 21:52:26,860 [INFO] Round 39
2024-03-08 22:06:39,294 [INFO] Round 40
2024-03-08 22:21:15,096 [INFO] time_checker results saved.
2024-03-08 22:21:15,169 [INFO] rule_checker results saved.
2024-03-08 22:21:15,345 [INFO] aggregation_checker results saved.
2024-03-08 22:21:16,857 [INFO] Time elapsed: 5:53:31
2024-03-08 22:21:16,858 [INFO] Round 41
2024-03-08 22:35:55,833 [INFO] Round 42
2024-03-08 22:49:00,763 [INFO] Round 43
2024-03-08 23:02:36,262 [INFO] Round 44
2024-03-08 23:17:21,629 [INFO] Round 45
2024-03-08 23:31:06,828 [INFO] Round 46
2024-03-08 23:44:46,028 [INFO] Round 47
2024-03-08 23:58:26,302 [INFO] Round 48
2024-03-09 00:11:57,368 [INFO] Round 49
2024-03-09 00:26:47,118 [INFO] Round 50
2024-03-09 00:40:50,589 [INFO] time_checker results saved.
2024-03-09 00:40:50,677 [INFO] rule_checker results saved.
2024-03-09 00:40:50,746 [INFO] aggregation_checker results saved.
2024-03-09 00:40:52,057 [INFO] Time elapsed: 8:13:06
2024-03-09 00:40:52,057 [INFO] Round 51
2024-03-09 00:56:19,715 [INFO] Round 52
2024-03-09 01:11:34,689 [INFO] Round 53
2024-03-09 01:27:22,160 [INFO] Round 54
2024-03-09 01:42:14,764 [INFO] Round 55
2024-03-09 01:57:09,870 [INFO] Round 56
2024-03-09 02:12:05,401 [INFO] Round 57
2024-03-09 02:27:09,604 [INFO] Round 58
2024-03-09 02:44:02,240 [INFO] Round 59
2024-03-09 02:59:46,755 [INFO] Round 60
2024-03-09 03:16:06,153 [INFO] time_checker results saved.
2024-03-09 03:16:06,286 [INFO] rule_checker results saved.
2024-03-09 03:16:07,554 [INFO] aggregation_checker results saved.
2024-03-09 03:16:10,045 [INFO] Time elapsed: 10:48:24
2024-03-09 03:16:10,045 [INFO] Round 61
2024-03-09 03:32:30,878 [INFO] Round 62
2024-03-09 03:49:21,356 [INFO] Round 63
2024-03-09 04:06:55,352 [INFO] Round 64
2024-03-09 04:23:47,590 [INFO] Round 65
2024-03-09 04:40:34,806 [INFO] Round 66
2024-03-09 04:57:35,011 [INFO] Round 67
2024-03-09 05:15:16,904 [INFO] Round 68
2024-03-09 05:32:23,274 [INFO] Round 69
2024-03-09 05:50:18,762 [INFO] Round 70
2024-03-09 06:19:59,428 [INFO] time_checker results saved.
2024-03-09 06:19:59,585 [INFO] rule_checker results saved.
2024-03-09 06:20:00,767 [INFO] aggregation_checker results saved.
2024-03-09 06:20:03,330 [INFO] Time elapsed: 13:52:17
2024-03-09 06:20:03,330 [INFO] Round 71
2024-03-09 06:39:20,306 [INFO] Round 72
2024-03-09 06:58:47,409 [INFO] Round 73
2024-03-09 07:18:53,082 [INFO] Round 74
2024-03-09 07:39:01,144 [INFO] Round 75
2024-03-09 07:58:25,862 [INFO] Round 76
2024-03-09 08:18:19,095 [INFO] Round 77
2024-03-09 08:38:32,309 [INFO] Round 78
2024-03-09 09:00:14,966 [INFO] Round 79
2024-03-09 09:21:53,096 [INFO] Round 80
2024-03-09 09:43:22,792 [INFO] time_checker results saved.
2024-03-09 09:43:22,857 [INFO] rule_checker results saved.
2024-03-09 09:43:23,934 [INFO] aggregation_checker results saved.
2024-03-09 09:43:26,971 [INFO] Time elapsed: 17:15:41
2024-03-09 09:43:26,971 [INFO] Round 81
2024-03-09 10:06:03,367 [INFO] Round 82
2024-03-09 10:28:59,027 [INFO] Round 83
2024-03-09 10:51:58,980 [INFO] Round 84
2024-03-09 11:15:57,859 [INFO] Round 85
2024-03-09 11:40:08,627 [INFO] Round 86
2024-03-09 12:02:06,478 [INFO] Round 87
2024-03-09 12:27:09,994 [INFO] Round 88
2024-03-09 12:53:06,642 [INFO] Round 89
2024-03-09 13:17:49,971 [INFO] Round 90
2024-03-09 13:43:32,695 [INFO] time_checker results saved.
2024-03-09 13:43:32,875 [INFO] rule_checker results saved.
2024-03-09 13:43:33,185 [INFO] aggregation_checker results saved.
2024-03-09 13:43:34,557 [INFO] Time elapsed: 21:15:48
2024-03-09 13:43:34,557 [INFO] Round 91
2024-03-09 14:10:03,156 [INFO] Round 92
2024-03-09 14:37:13,681 [INFO] Round 93
2024-03-09 15:05:19,493 [INFO] Round 94
2024-03-09 15:32:17,767 [INFO] Round 95
2024-03-09 15:57:57,156 [INFO] Round 96
2024-03-09 16:23:22,519 [INFO] Round 97
