2024-04-29 10:22:05,465 [INFO] Note: NumExpr detected 12 cores but "NUMEXPR_MAX_THREADS" not set, so enforcing safe limit of 8.
2024-04-29 10:22:05,465 [INFO] NumExpr defaulting to 8 threads.
2024-04-29 10:22:06,306 [INFO] Run UnfairRND against both RND and itself, and compute the behavioral profile in both cases.The behavioral features composing the behavioral profile are the following: dict_keys(['niceness', 'forgiveness1', 'forgiveness2', 'provocability', 'cooperativeness', 'emulation', 'troublemaking', 'naivety', 'consistency']).
2024-04-29 10:22:06,306 [INFO] Starting time: 2024-04-29 10:22:05
2024-04-29 10:22:06,308 [INFO] Strategy: unfair_random
2024-04-29 10:22:06,308 [INFO] Opponent: RND
2024-04-29 10:22:06,941 [INFO] Game 100
2024-04-29 10:22:06,947 [INFO] Time elapsed: 0:00:01
2024-04-29 10:22:07,541 [INFO] Game 200
2024-04-29 10:22:07,548 [INFO] Time elapsed: 0:00:02
2024-04-29 10:22:08,155 [INFO] Game 300
2024-04-29 10:22:08,161 [INFO] Time elapsed: 0:00:03
2024-04-29 10:22:08,768 [INFO] Game 400
2024-04-29 10:22:08,774 [INFO] Time elapsed: 0:00:03
2024-04-29 10:22:09,370 [INFO] Game 500
2024-04-29 10:22:09,376 [INFO] Time elapsed: 0:00:04
2024-04-29 10:22:09,988 [INFO] Game 600
2024-04-29 10:22:09,994 [INFO] Time elapsed: 0:00:04
2024-04-29 10:22:10,579 [INFO] Game 700
2024-04-29 10:22:10,585 [INFO] Time elapsed: 0:00:05
2024-04-29 10:22:11,199 [INFO] Game 800
2024-04-29 10:22:11,206 [INFO] Time elapsed: 0:00:06
2024-04-29 10:22:11,819 [INFO] Game 900
2024-04-29 10:22:11,825 [INFO] Time elapsed: 0:00:06
2024-04-29 10:22:12,428 [INFO] Game 1000
2024-04-29 10:22:12,434 [INFO] Time elapsed: 0:00:07
2024-04-29 10:22:13,502 [INFO] Opponent: self
2024-04-29 10:22:14,104 [INFO] Game 100
2024-04-29 10:22:14,110 [INFO] Time elapsed: 0:00:09
2024-04-29 10:22:14,730 [INFO] Game 200
2024-04-29 10:22:14,736 [INFO] Time elapsed: 0:00:09
2024-04-29 10:22:15,364 [INFO] Game 300
2024-04-29 10:22:15,371 [INFO] Time elapsed: 0:00:10
2024-04-29 10:22:15,994 [INFO] Game 400
2024-04-29 10:22:16,001 [INFO] Time elapsed: 0:00:11
2024-04-29 10:22:16,597 [INFO] Game 500
2024-04-29 10:22:16,603 [INFO] Time elapsed: 0:00:11
2024-04-29 10:22:17,221 [INFO] Game 600
2024-04-29 10:22:17,227 [INFO] Time elapsed: 0:00:12
2024-04-29 10:22:17,822 [INFO] Game 700
2024-04-29 10:22:17,828 [INFO] Time elapsed: 0:00:12
2024-04-29 10:22:18,422 [INFO] Game 800
2024-04-29 10:22:18,428 [INFO] Time elapsed: 0:00:13
2024-04-29 10:22:19,036 [INFO] Game 900
2024-04-29 10:22:19,042 [INFO] Time elapsed: 0:00:14
2024-04-29 10:22:19,633 [INFO] Game 1000
2024-04-29 10:22:19,638 [INFO] Time elapsed: 0:00:14
2024-04-29 10:22:20,697 [INFO] Opponent: RND
2024-04-29 10:22:21,327 [INFO] Game 100
2024-04-29 10:22:21,334 [INFO] Time elapsed: 0:00:16
2024-04-29 10:22:21,951 [INFO] Game 200
2024-04-29 10:22:21,957 [INFO] Time elapsed: 0:00:16
2024-04-29 10:22:22,567 [INFO] Game 300
2024-04-29 10:22:22,573 [INFO] Time elapsed: 0:00:17
2024-04-29 10:22:23,185 [INFO] Game 400
2024-04-29 10:22:23,191 [INFO] Time elapsed: 0:00:18
2024-04-29 10:22:23,786 [INFO] Game 500
2024-04-29 10:22:23,793 [INFO] Time elapsed: 0:00:18
2024-04-29 10:22:24,420 [INFO] Game 600
2024-04-29 10:22:24,427 [INFO] Time elapsed: 0:00:19
2024-04-29 10:22:25,025 [INFO] Game 700
2024-04-29 10:22:25,031 [INFO] Time elapsed: 0:00:20
2024-04-29 10:22:25,638 [INFO] Game 800
2024-04-29 10:22:25,644 [INFO] Time elapsed: 0:00:20
2024-04-29 10:22:26,246 [INFO] Game 900
2024-04-29 10:22:26,252 [INFO] Time elapsed: 0:00:21
2024-04-29 10:22:26,848 [INFO] Game 1000
2024-04-29 10:22:26,854 [INFO] Time elapsed: 0:00:21
2024-04-29 10:22:27,912 [INFO] Opponent: self
2024-04-29 10:22:28,507 [INFO] Game 100
2024-04-29 10:22:28,514 [INFO] Time elapsed: 0:00:23
2024-04-29 10:22:29,105 [INFO] Game 200
2024-04-29 10:22:29,111 [INFO] Time elapsed: 0:00:24
2024-04-29 10:22:29,715 [INFO] Game 300
2024-04-29 10:22:29,721 [INFO] Time elapsed: 0:00:24
2024-04-29 10:22:30,322 [INFO] Game 400
2024-04-29 10:22:30,328 [INFO] Time elapsed: 0:00:25
2024-04-29 10:22:30,910 [INFO] Game 500
2024-04-29 10:22:30,916 [INFO] Time elapsed: 0:00:25
2024-04-29 10:22:31,539 [INFO] Game 600
2024-04-29 10:22:31,546 [INFO] Time elapsed: 0:00:26
2024-04-29 10:22:32,132 [INFO] Game 700
2024-04-29 10:22:32,137 [INFO] Time elapsed: 0:00:27
2024-04-29 10:22:32,740 [INFO] Game 800
2024-04-29 10:22:32,747 [INFO] Time elapsed: 0:00:27
2024-04-29 10:22:33,348 [INFO] Game 900
2024-04-29 10:22:33,354 [INFO] Time elapsed: 0:00:28
2024-04-29 10:22:33,958 [INFO] Game 1000
2024-04-29 10:22:33,964 [INFO] Time elapsed: 0:00:28
2024-04-29 10:22:35,049 [INFO] Opponent: RND
2024-04-29 10:22:35,703 [INFO] Game 100
2024-04-29 10:22:35,709 [INFO] Time elapsed: 0:00:30
2024-04-29 10:22:36,346 [INFO] Game 200
2024-04-29 10:22:36,352 [INFO] Time elapsed: 0:00:31
2024-04-29 10:22:36,990 [INFO] Game 300
2024-04-29 10:22:36,996 [INFO] Time elapsed: 0:00:31
2024-04-29 10:22:37,643 [INFO] Game 400
2024-04-29 10:22:37,649 [INFO] Time elapsed: 0:00:32
2024-04-29 10:22:38,276 [INFO] Game 500
2024-04-29 10:22:38,282 [INFO] Time elapsed: 0:00:33
2024-04-29 10:22:38,938 [INFO] Game 600
2024-04-29 10:22:38,946 [INFO] Time elapsed: 0:00:33
2024-04-29 10:22:39,597 [INFO] Game 700
2024-04-29 10:22:39,603 [INFO] Time elapsed: 0:00:34
2024-04-29 10:22:40,258 [INFO] Game 800
2024-04-29 10:22:40,265 [INFO] Time elapsed: 0:00:35
2024-04-29 10:22:40,918 [INFO] Game 900
2024-04-29 10:22:40,924 [INFO] Time elapsed: 0:00:35
2024-04-29 10:22:41,616 [INFO] Game 1000
2024-04-29 10:22:41,623 [INFO] Time elapsed: 0:00:36
2024-04-29 10:22:42,868 [INFO] Opponent: self
2024-04-29 10:22:43,547 [INFO] Game 100
2024-04-29 10:22:43,555 [INFO] Time elapsed: 0:00:38
2024-04-29 10:22:44,179 [INFO] Game 200
2024-04-29 10:22:44,188 [INFO] Time elapsed: 0:00:39
2024-04-29 10:22:44,828 [INFO] Game 300
2024-04-29 10:22:44,834 [INFO] Time elapsed: 0:00:39
2024-04-29 10:22:45,439 [INFO] Game 400
2024-04-29 10:22:45,446 [INFO] Time elapsed: 0:00:40
2024-04-29 10:22:46,203 [INFO] Game 500
2024-04-29 10:22:46,210 [INFO] Time elapsed: 0:00:41
2024-04-29 10:22:46,886 [INFO] Game 600
2024-04-29 10:22:46,893 [INFO] Time elapsed: 0:00:41
2024-04-29 10:22:47,516 [INFO] Game 700
2024-04-29 10:22:47,522 [INFO] Time elapsed: 0:00:42
2024-04-29 10:22:48,147 [INFO] Game 800
2024-04-29 10:22:48,153 [INFO] Time elapsed: 0:00:43
2024-04-29 10:22:48,780 [INFO] Game 900
2024-04-29 10:22:48,786 [INFO] Time elapsed: 0:00:43
2024-04-29 10:22:49,401 [INFO] Game 1000
2024-04-29 10:22:49,407 [INFO] Time elapsed: 0:00:44
2024-04-29 10:22:50,473 [INFO] Opponent: RND
2024-04-29 10:22:51,107 [INFO] Game 100
2024-04-29 10:22:51,113 [INFO] Time elapsed: 0:00:46
2024-04-29 10:22:51,752 [INFO] Game 200
2024-04-29 10:22:51,758 [INFO] Time elapsed: 0:00:46
2024-04-29 10:22:52,394 [INFO] Game 300
2024-04-29 10:22:52,400 [INFO] Time elapsed: 0:00:47
2024-04-29 10:22:53,039 [INFO] Game 400
2024-04-29 10:22:53,045 [INFO] Time elapsed: 0:00:48
2024-04-29 10:22:53,663 [INFO] Game 500
2024-04-29 10:22:53,670 [INFO] Time elapsed: 0:00:48
2024-04-29 10:22:54,326 [INFO] Game 600
2024-04-29 10:22:54,334 [INFO] Time elapsed: 0:00:49
2024-04-29 10:22:54,976 [INFO] Game 700
2024-04-29 10:22:54,983 [INFO] Time elapsed: 0:00:49
2024-04-29 10:22:55,615 [INFO] Game 800
2024-04-29 10:22:55,622 [INFO] Time elapsed: 0:00:50
2024-04-29 10:22:56,267 [INFO] Game 900
2024-04-29 10:22:56,274 [INFO] Time elapsed: 0:00:51
2024-04-29 10:22:56,905 [INFO] Game 1000
2024-04-29 10:22:56,911 [INFO] Time elapsed: 0:00:51
2024-04-29 10:22:58,006 [INFO] Opponent: self
2024-04-29 10:22:58,621 [INFO] Game 100
2024-04-29 10:22:58,627 [INFO] Time elapsed: 0:00:53
2024-04-29 10:22:59,258 [INFO] Game 200
2024-04-29 10:22:59,265 [INFO] Time elapsed: 0:00:54
2024-04-29 10:22:59,897 [INFO] Game 300
2024-04-29 10:22:59,903 [INFO] Time elapsed: 0:00:54
2024-04-29 10:23:00,517 [INFO] Game 400
2024-04-29 10:23:00,523 [INFO] Time elapsed: 0:00:55
2024-04-29 10:23:01,295 [INFO] Game 500
2024-04-29 10:23:01,301 [INFO] Time elapsed: 0:00:56
2024-04-29 10:23:02,068 [INFO] Game 600
2024-04-29 10:23:02,074 [INFO] Time elapsed: 0:00:57
2024-04-29 10:23:02,785 [INFO] Game 700
2024-04-29 10:23:02,792 [INFO] Time elapsed: 0:00:57
2024-04-29 10:23:03,805 [INFO] Game 800
2024-04-29 10:23:03,814 [INFO] Time elapsed: 0:00:58
2024-04-29 10:23:04,797 [INFO] Game 900
2024-04-29 10:23:04,808 [INFO] Time elapsed: 0:00:59
2024-04-29 10:23:05,558 [INFO] Game 1000
2024-04-29 10:23:05,564 [INFO] Time elapsed: 0:01:00
