2024-03-11 11:55:11,054 [INFO] Trying natural language format with A-vs-B perspective. Some questions with high-accuracy over different prompts are omitted.
2024-03-11 11:55:11,055 [INFO] Starting time: 2024-03-11 11:55
2024-03-11 11:55:11,836 [INFO] Round 1
2024-03-11 11:57:13,456 [INFO] Round 2
2024-03-11 11:59:24,250 [INFO] Round 3
2024-03-11 12:01:35,949 [INFO] Round 4
2024-03-11 12:04:24,059 [INFO] Round 5
2024-03-11 12:07:01,110 [INFO] Round 6
2024-03-11 12:09:57,102 [INFO] Round 7
2024-03-11 12:12:57,408 [INFO] Round 8
2024-03-11 12:15:45,495 [INFO] Round 9
2024-03-11 12:19:02,115 [INFO] Round 10
2024-03-11 12:22:32,550 [INFO] time_checker results saved.
2024-03-11 12:22:32,830 [INFO] rule_checker results saved.
2024-03-11 12:22:33,108 [INFO] aggregation_checker results saved.
2024-03-11 12:22:35,840 [INFO] Time elapsed: 0:27:24
2024-03-11 12:22:35,841 [INFO] Round 11
2024-03-11 12:25:40,958 [INFO] Round 12
2024-03-11 12:28:33,168 [INFO] Round 13
2024-03-11 12:32:08,761 [INFO] Round 14
2024-03-11 12:36:14,122 [INFO] Round 15
2024-03-11 12:40:19,569 [INFO] Round 16
2024-03-11 12:44:04,748 [INFO] Round 17
2024-03-11 12:47:59,661 [INFO] Round 18
2024-03-11 13:02:09,294 [INFO] Round 19
2024-03-11 13:06:43,894 [INFO] Round 20
2024-03-11 13:11:22,662 [INFO] time_checker results saved.
2024-03-11 13:11:23,060 [INFO] rule_checker results saved.
2024-03-11 13:11:23,228 [INFO] aggregation_checker results saved.
2024-03-11 13:11:25,108 [INFO] Time elapsed: 1:16:14
2024-03-11 13:11:25,108 [INFO] Round 21
2024-03-11 13:16:20,011 [INFO] Round 22
2024-03-11 13:22:33,504 [INFO] Round 23
2024-03-11 13:28:43,980 [INFO] Round 24
2024-03-11 13:34:08,533 [INFO] Round 25
2024-03-11 13:39:31,080 [INFO] Round 26
2024-03-11 13:45:36,723 [INFO] Round 27
2024-03-11 14:01:26,177 [INFO] Round 28
2024-03-11 14:06:44,870 [INFO] Round 29
2024-03-11 14:12:40,434 [INFO] Round 30
2024-03-11 14:18:43,756 [INFO] time_checker results saved.
2024-03-11 14:18:43,893 [INFO] rule_checker results saved.
2024-03-11 14:18:44,043 [INFO] aggregation_checker results saved.
2024-03-11 14:18:45,636 [INFO] Time elapsed: 2:23:34
2024-03-11 14:18:45,636 [INFO] Round 31
2024-03-11 14:25:28,520 [INFO] Round 32
2024-03-11 14:31:57,704 [INFO] Round 33
2024-03-11 14:38:30,825 [INFO] Round 34
2024-03-11 14:56:10,460 [INFO] Round 35
2024-03-11 15:04:14,526 [INFO] Round 36
2024-03-11 15:11:56,330 [INFO] Round 37
2024-03-11 15:19:30,131 [INFO] Round 38
2024-03-11 15:28:12,653 [INFO] Round 39
2024-03-11 15:38:15,106 [INFO] Round 40
2024-03-11 15:47:45,303 [INFO] time_checker results saved.
2024-03-11 15:47:45,590 [INFO] rule_checker results saved.
2024-03-11 15:47:45,721 [INFO] aggregation_checker results saved.
2024-03-11 15:47:47,595 [INFO] Time elapsed: 3:52:36
2024-03-11 15:47:47,595 [INFO] Round 41
2024-03-11 15:57:27,387 [INFO] Round 42
2024-03-11 16:07:26,123 [INFO] Round 43
2024-03-11 16:17:24,253 [INFO] Round 44
2024-03-11 16:28:50,342 [INFO] Round 45
2024-03-11 16:40:07,119 [INFO] Round 46
2024-03-11 16:51:09,717 [INFO] Round 47
2024-03-11 17:12:04,353 [INFO] Round 48
2024-03-11 17:22:29,338 [INFO] Round 49
2024-03-11 17:33:14,003 [INFO] Round 50
2024-03-11 17:44:19,847 [INFO] time_checker results saved.
2024-03-11 17:44:19,964 [INFO] rule_checker results saved.
2024-03-11 17:44:20,077 [INFO] aggregation_checker results saved.
2024-03-11 17:44:21,449 [INFO] Time elapsed: 5:49:10
2024-03-11 17:44:21,449 [INFO] Round 51
2024-03-11 17:55:12,293 [INFO] Round 52
2024-03-11 18:06:15,031 [INFO] Round 53
2024-03-11 18:17:38,992 [INFO] Round 54
2024-03-11 18:30:11,381 [INFO] Round 55
2024-03-11 18:42:47,859 [INFO] Round 56
2024-03-11 18:55:57,512 [INFO] Round 57
2024-03-11 19:08:15,839 [INFO] Round 58
2024-03-11 19:22:39,569 [INFO] Round 59
2024-03-11 19:36:46,033 [INFO] Round 60
2024-03-11 19:51:36,271 [INFO] time_checker results saved.
2024-03-11 19:51:36,357 [INFO] rule_checker results saved.
2024-03-11 19:51:36,472 [INFO] aggregation_checker results saved.
2024-03-11 19:51:37,790 [INFO] Time elapsed: 7:56:26
2024-03-11 19:51:37,790 [INFO] Round 61
2024-03-11 20:06:42,712 [INFO] Round 62
2024-03-11 20:21:38,511 [INFO] Round 63
2024-03-11 20:36:33,601 [INFO] Round 64
2024-03-11 20:50:59,678 [INFO] Round 65
2024-03-11 21:06:24,829 [INFO] Round 66
2024-03-11 21:24:47,032 [INFO] Round 67
2024-03-11 21:42:32,231 [INFO] Round 68
2024-03-11 21:58:11,347 [INFO] Round 69
2024-03-11 22:15:01,943 [INFO] Round 70
2024-03-11 22:31:51,633 [INFO] time_checker results saved.
2024-03-11 22:31:51,717 [INFO] rule_checker results saved.
2024-03-11 22:31:51,767 [INFO] aggregation_checker results saved.
2024-03-11 22:31:53,258 [INFO] Time elapsed: 10:36:42
2024-03-11 22:31:53,258 [INFO] Round 71
2024-03-11 22:48:57,202 [INFO] Round 72
2024-03-11 23:08:16,450 [INFO] Round 73
2024-03-11 23:29:20,701 [INFO] Round 74
2024-03-11 23:49:21,398 [INFO] Round 75
2024-03-12 00:17:37,974 [INFO] Round 76
2024-03-12 00:37:57,332 [INFO] Round 77
2024-03-12 00:55:38,180 [INFO] Round 78
2024-03-12 01:16:54,923 [INFO] Round 79
2024-03-12 01:39:21,002 [INFO] Round 80
2024-03-12 01:58:04,191 [INFO] time_checker results saved.
2024-03-12 01:58:04,275 [INFO] rule_checker results saved.
2024-03-12 01:58:04,330 [INFO] aggregation_checker results saved.
2024-03-12 01:58:06,062 [INFO] Time elapsed: 14:02:55
2024-03-12 01:58:06,062 [INFO] Round 81
2024-03-12 02:19:07,557 [INFO] Round 82
2024-03-12 02:42:24,919 [INFO] Round 83
2024-03-12 03:04:20,636 [INFO] Round 84
2024-03-12 03:30:04,165 [INFO] Round 85
2024-03-12 03:52:23,663 [INFO] Round 86
2024-03-12 04:15:34,960 [INFO] Round 87
2024-03-12 04:38:04,247 [INFO] Round 88
2024-03-12 04:57:27,488 [INFO] Round 89
2024-03-12 05:21:49,855 [INFO] Round 90
2024-03-12 05:45:29,810 [INFO] time_checker results saved.
2024-03-12 05:45:29,885 [INFO] rule_checker results saved.
2024-03-12 05:45:30,003 [INFO] aggregation_checker results saved.
2024-03-12 05:45:31,416 [INFO] Time elapsed: 17:50:20
2024-03-12 05:45:31,416 [INFO] Round 91
2024-03-12 06:04:37,783 [INFO] Round 92
2024-03-12 06:24:52,919 [INFO] Round 93
2024-03-12 06:46:06,964 [INFO] Round 94
2024-03-12 07:04:34,459 [INFO] Round 95
2024-03-12 07:27:41,163 [INFO] Round 96
2024-03-12 07:48:45,900 [INFO] Round 97
2024-03-12 08:08:19,583 [INFO] Round 98
2024-03-12 08:29:34,006 [INFO] Round 99
2024-03-12 08:52:11,068 [INFO] Round 100
2024-03-12 09:14:20,434 [INFO] History saved.
2024-03-12 09:14:20,542 [INFO] time_checker results saved.
2024-03-12 09:14:22,134 [INFO] time_checker answers saved.
2024-03-12 09:14:22,503 [INFO] rule_checker results saved.
2024-03-12 09:14:22,714 [INFO] rule_checker answers saved.
2024-03-12 09:14:22,839 [INFO] aggregation_checker results saved.
2024-03-12 09:14:23,032 [INFO] aggregation_checker answers saved.
2024-03-12 09:14:24,428 [INFO] Time elapsed: 21:19:13
