2024-03-13 11:46:06,742 [INFO] Check some rule-related questions using a more neutral description of the game.
2024-03-13 11:46:06,743 [INFO] Starting time: 2024-03-13 11:46
2024-03-13 11:46:08,661 [INFO] Round 1
2024-03-13 11:47:10,113 [INFO] Round 2
2024-03-13 11:48:15,363 [INFO] Round 3
2024-03-13 11:49:40,594 [INFO] Round 4
2024-03-13 11:51:18,989 [INFO] Round 5
2024-03-13 11:53:08,454 [INFO] Round 6
2024-03-13 11:54:31,219 [INFO] Round 7
2024-03-13 11:55:58,958 [INFO] Round 8
2024-03-13 11:57:18,648 [INFO] Round 9
2024-03-13 11:58:39,276 [INFO] Round 10
2024-03-13 12:00:06,502 [INFO] rule_checker results saved.
2024-03-13 12:00:06,639 [INFO] rule_checker answers saved.
2024-03-13 12:00:08,396 [INFO] Time elapsed: 0:14:01
2024-03-13 12:00:08,396 [INFO] Round 11
2024-03-13 12:01:51,838 [INFO] Round 12
2024-03-13 12:03:26,610 [INFO] Round 13
2024-03-13 12:05:06,497 [INFO] Round 14
2024-03-13 12:06:33,714 [INFO] Round 15
2024-03-13 12:08:01,423 [INFO] Round 16
2024-03-13 12:09:32,645 [INFO] Round 17
2024-03-13 12:11:10,033 [INFO] Round 18
2024-03-13 12:12:45,287 [INFO] Round 19
2024-03-13 12:14:23,498 [INFO] Round 20
2024-03-13 12:16:56,556 [INFO] rule_checker results saved.
2024-03-13 12:16:57,040 [INFO] rule_checker answers saved.
2024-03-13 12:16:58,320 [INFO] Time elapsed: 0:30:51
2024-03-13 12:16:58,321 [INFO] Round 21
2024-03-13 12:19:01,901 [INFO] Round 22
2024-03-13 12:21:15,152 [INFO] Round 23
2024-03-13 12:24:03,506 [INFO] Round 24
2024-03-13 12:26:41,698 [INFO] Round 25
2024-03-13 12:28:24,484 [INFO] Round 26
2024-03-13 12:30:27,072 [INFO] Round 27
2024-03-13 12:32:17,242 [INFO] Round 28
2024-03-13 12:33:53,103 [INFO] Round 29
2024-03-13 12:35:41,664 [INFO] Round 30
2024-03-13 12:37:45,290 [INFO] rule_checker results saved.
2024-03-13 12:37:45,463 [INFO] rule_checker answers saved.
2024-03-13 12:37:46,828 [INFO] Time elapsed: 0:51:40
2024-03-13 12:37:46,828 [INFO] Round 31
2024-03-13 12:39:45,881 [INFO] Round 32
2024-03-13 12:41:49,049 [INFO] Round 33
2024-03-13 12:43:22,294 [INFO] Round 34
2024-03-13 12:44:48,698 [INFO] Round 35
2024-03-13 12:46:10,240 [INFO] Round 36
2024-03-13 12:47:52,006 [INFO] Round 37
2024-03-13 12:49:37,981 [INFO] Round 38
2024-03-13 12:51:36,082 [INFO] Round 39
2024-03-13 12:53:30,757 [INFO] Round 40
2024-03-13 12:56:25,174 [INFO] rule_checker results saved.
2024-03-13 12:56:25,292 [INFO] rule_checker answers saved.
2024-03-13 12:56:26,083 [INFO] Time elapsed: 1:10:19
2024-03-13 12:56:26,083 [INFO] Round 41
2024-03-13 12:59:28,862 [INFO] Round 42
2024-03-13 13:00:54,019 [INFO] Round 43
2024-03-13 13:02:27,497 [INFO] Round 44
2024-03-13 13:03:56,390 [INFO] Round 45
2024-03-13 13:05:24,857 [INFO] Round 46
2024-03-13 13:07:12,111 [INFO] Round 47
2024-03-13 13:09:51,104 [INFO] Round 48
2024-03-13 13:12:42,747 [INFO] Round 49
2024-03-13 13:16:13,801 [INFO] Round 50
2024-03-13 13:18:41,104 [INFO] rule_checker results saved.
2024-03-13 13:18:41,280 [INFO] rule_checker answers saved.
2024-03-13 13:18:42,474 [INFO] Time elapsed: 1:32:35
2024-03-13 13:18:42,474 [INFO] Round 51
2024-03-13 13:21:35,313 [INFO] Round 52
2024-03-13 13:24:08,784 [INFO] Round 53
2024-03-13 13:27:14,364 [INFO] Round 54
2024-03-13 13:31:32,324 [INFO] Round 55
2024-03-13 13:34:02,359 [INFO] Round 56
2024-03-13 13:36:00,910 [INFO] Round 57
2024-03-13 13:38:00,131 [INFO] Round 58
2024-03-13 13:39:36,319 [INFO] Round 59
2024-03-13 13:41:03,416 [INFO] Round 60
2024-03-13 13:42:38,732 [INFO] rule_checker results saved.
2024-03-13 13:42:38,886 [INFO] rule_checker answers saved.
2024-03-13 13:42:39,993 [INFO] Time elapsed: 1:56:33
2024-03-13 13:42:39,994 [INFO] Round 61
2024-03-13 13:44:22,012 [INFO] Round 62
2024-03-13 13:46:07,953 [INFO] Round 63
2024-03-13 13:47:57,808 [INFO] Round 64
2024-03-13 13:49:42,795 [INFO] Round 65
2024-03-13 13:51:25,781 [INFO] Round 66
2024-03-13 13:53:09,309 [INFO] Round 67
2024-03-13 13:54:59,374 [INFO] Round 68
2024-03-13 13:56:56,305 [INFO] Round 69
2024-03-13 13:58:43,442 [INFO] Round 70
2024-03-13 14:00:48,109 [INFO] rule_checker results saved.
2024-03-13 14:00:49,090 [INFO] rule_checker answers saved.
2024-03-13 14:00:50,244 [INFO] Time elapsed: 2:14:43
2024-03-13 14:00:50,244 [INFO] Round 71
2024-03-13 14:03:06,972 [INFO] Round 72
2024-03-13 14:05:48,937 [INFO] Round 73
2024-03-13 14:08:43,791 [INFO] Round 74
2024-03-13 14:12:18,111 [INFO] Round 75
2024-03-13 14:15:33,859 [INFO] Round 76
2024-03-13 14:18:15,350 [INFO] Round 77
2024-03-13 14:20:58,006 [INFO] Round 78
2024-03-13 14:23:34,181 [INFO] Round 79
2024-03-13 14:26:16,563 [INFO] Round 80
2024-03-13 14:28:32,304 [INFO] rule_checker results saved.
2024-03-13 14:28:32,645 [INFO] rule_checker answers saved.
2024-03-13 14:28:33,780 [INFO] Time elapsed: 2:42:27
2024-03-13 14:28:33,780 [INFO] Round 81
2024-03-13 14:31:41,228 [INFO] Round 82
2024-03-13 14:34:44,313 [INFO] Round 83
2024-03-13 14:37:15,612 [INFO] Round 84
2024-03-13 14:39:02,172 [INFO] Round 85
2024-03-13 14:40:51,380 [INFO] Round 86
2024-03-13 14:42:52,082 [INFO] Round 87
2024-03-13 14:44:26,827 [INFO] Round 88
2024-03-13 14:46:15,419 [INFO] Round 89
2024-03-13 14:48:04,080 [INFO] Round 90
2024-03-13 14:49:43,367 [INFO] rule_checker results saved.
2024-03-13 14:49:43,713 [INFO] rule_checker answers saved.
2024-03-13 14:49:44,753 [INFO] Time elapsed: 3:03:38
2024-03-13 14:49:44,753 [INFO] Round 91
2024-03-13 14:51:16,889 [INFO] Round 92
2024-03-13 14:52:41,787 [INFO] Round 93
2024-03-13 14:54:15,937 [INFO] Round 94
2024-03-13 14:55:39,037 [INFO] Round 95
2024-03-13 14:57:00,588 [INFO] Round 96
2024-03-13 14:58:27,374 [INFO] Round 97
2024-03-13 14:59:54,711 [INFO] Round 98
2024-03-13 15:01:49,656 [INFO] Round 99
2024-03-13 15:03:34,841 [INFO] Round 100
2024-03-13 15:05:30,514 [INFO] History saved.
2024-03-13 15:05:30,668 [INFO] rule_checker results saved.
2024-03-13 15:05:30,926 [INFO] rule_checker answers saved.
2024-03-13 15:05:32,460 [INFO] Time elapsed: 3:19:25
