2024-03-15 19:05:04,588 [INFO] Note: NumExpr detected 32 cores but "NUMEXPR_MAX_THREADS" not set, so enforcing safe limit of 8.
2024-03-15 19:05:04,588 [INFO] NumExpr defaulting to 8 threads.
2024-03-15 19:05:07,622 [INFO] Run complete of all modifications to prompt and questions.
2024-03-15 19:05:07,622 [INFO] Starting time: 2024-03-15 19:05
2024-03-15 19:05:09,508 [INFO] Round 1
2024-03-15 19:08:20,634 [INFO] Round 2
2024-03-15 19:11:41,057 [INFO] Round 3
2024-03-15 19:14:35,177 [INFO] Round 4
2024-03-15 19:18:37,371 [INFO] Round 5
2024-03-15 19:22:10,568 [INFO] Round 6
2024-03-15 19:26:04,126 [INFO] Round 7
2024-03-15 19:30:15,687 [INFO] Round 8
2024-03-15 19:34:55,158 [INFO] Round 9
2024-03-15 19:39:39,487 [INFO] Round 10
2024-03-15 19:44:46,216 [INFO] time_checker results saved.
2024-03-15 19:44:46,387 [INFO] time_checker answers saved.
2024-03-15 19:44:46,457 [INFO] rule_checker results saved.
2024-03-15 19:44:46,673 [INFO] rule_checker answers saved.
2024-03-15 19:44:46,759 [INFO] aggregation_checker results saved.
2024-03-15 19:44:46,920 [INFO] aggregation_checker answers saved.
2024-03-15 19:44:48,648 [INFO] A action answers saved.
2024-03-15 19:44:48,683 [INFO] Time elapsed: 0:39:41
2024-03-15 19:44:48,683 [INFO] Round 11
2024-03-15 19:50:00,068 [INFO] Round 12
2024-03-15 19:55:49,631 [INFO] Round 13
2024-03-15 20:02:03,275 [INFO] Round 14
2024-03-15 20:08:05,359 [INFO] Round 15
2024-03-15 20:14:01,422 [INFO] Round 16
2024-03-15 20:19:51,445 [INFO] Round 17
2024-03-15 20:26:10,943 [INFO] Round 18
2024-03-15 20:33:15,121 [INFO] Round 19
2024-03-15 20:40:04,928 [INFO] Round 20
2024-03-15 20:46:55,669 [INFO] time_checker results saved.
2024-03-15 20:46:56,363 [INFO] time_checker answers saved.
2024-03-15 20:46:57,353 [INFO] rule_checker results saved.
2024-03-15 20:46:58,345 [INFO] rule_checker answers saved.
2024-03-15 20:46:58,434 [INFO] aggregation_checker results saved.
2024-03-15 20:46:58,611 [INFO] aggregation_checker answers saved.
2024-03-15 20:46:59,829 [INFO] A action answers saved.
2024-03-15 20:46:59,840 [INFO] Time elapsed: 1:41:52
2024-03-15 20:46:59,840 [INFO] Round 21
2024-03-15 20:53:40,154 [INFO] Round 22
2024-03-15 21:02:21,192 [INFO] Round 23
2024-03-15 21:11:53,249 [INFO] Round 24
2024-03-15 21:21:07,761 [INFO] Round 25
2024-03-15 21:30:25,421 [INFO] Round 26
2024-03-15 21:38:30,619 [INFO] Round 27
2024-03-15 21:47:43,348 [INFO] Round 28
2024-03-15 21:56:19,849 [INFO] Round 29
2024-03-15 22:05:46,715 [INFO] Round 30
2024-03-15 22:16:12,354 [INFO] time_checker results saved.
2024-03-15 22:16:12,651 [INFO] time_checker answers saved.
2024-03-15 22:16:12,731 [INFO] rule_checker results saved.
2024-03-15 22:16:12,899 [INFO] rule_checker answers saved.
2024-03-15 22:16:12,947 [INFO] aggregation_checker results saved.
2024-03-15 22:16:12,998 [INFO] aggregation_checker answers saved.
2024-03-15 22:16:14,463 [INFO] A action answers saved.
2024-03-15 22:16:14,504 [INFO] Time elapsed: 3:11:06
2024-03-15 22:16:14,504 [INFO] Round 31
2024-03-15 22:26:34,810 [INFO] Round 32
2024-03-15 22:36:32,392 [INFO] Round 33
2024-03-15 22:46:50,967 [INFO] Round 34
2024-03-15 22:57:45,508 [INFO] Round 35
2024-03-15 23:08:07,460 [INFO] Round 36
2024-03-15 23:18:39,827 [INFO] Round 37
2024-03-15 23:29:28,057 [INFO] Round 38
2024-03-15 23:40:23,321 [INFO] Round 39
2024-03-15 23:51:27,822 [INFO] Round 40
2024-03-16 00:03:41,424 [INFO] time_checker results saved.
2024-03-16 00:03:41,710 [INFO] time_checker answers saved.
2024-03-16 00:03:41,788 [INFO] rule_checker results saved.
2024-03-16 00:03:41,913 [INFO] rule_checker answers saved.
2024-03-16 00:03:41,945 [INFO] aggregation_checker results saved.
2024-03-16 00:03:41,990 [INFO] aggregation_checker answers saved.
2024-03-16 00:03:43,663 [INFO] A action answers saved.
2024-03-16 00:03:43,691 [INFO] Time elapsed: 4:58:36
2024-03-16 00:03:43,691 [INFO] Round 41
2024-03-16 00:15:51,693 [INFO] Round 42
2024-03-16 00:28:25,259 [INFO] Round 43
2024-03-16 00:40:49,354 [INFO] Round 44
2024-03-16 00:54:17,353 [INFO] Round 45
2024-03-16 01:07:49,734 [INFO] Round 46
2024-03-16 01:21:41,724 [INFO] Round 47
2024-03-16 01:35:14,667 [INFO] Round 48
2024-03-16 01:49:36,449 [INFO] Round 49
2024-03-16 02:04:01,314 [INFO] Round 50
2024-03-16 02:18:18,961 [INFO] time_checker results saved.
2024-03-16 02:18:19,309 [INFO] time_checker answers saved.
2024-03-16 02:18:19,403 [INFO] rule_checker results saved.
2024-03-16 02:18:19,572 [INFO] rule_checker answers saved.
2024-03-16 02:18:19,606 [INFO] aggregation_checker results saved.
2024-03-16 02:18:19,669 [INFO] aggregation_checker answers saved.
2024-03-16 02:18:20,835 [INFO] A action answers saved.
2024-03-16 02:18:20,844 [INFO] Time elapsed: 7:13:13
2024-03-16 02:18:20,844 [INFO] Round 51
2024-03-16 02:31:00,800 [INFO] Round 52
2024-03-16 02:45:21,788 [INFO] Round 53
2024-03-16 02:59:33,632 [INFO] Round 54
2024-03-16 03:13:25,525 [INFO] Round 55
2024-03-16 03:27:15,085 [INFO] Round 56
2024-03-16 03:42:15,516 [INFO] Round 57
2024-03-16 03:56:15,277 [INFO] Round 58
2024-03-16 04:09:56,252 [INFO] Round 59
2024-03-16 04:24:08,205 [INFO] Round 60
2024-03-16 04:43:16,836 [INFO] time_checker results saved.
2024-03-16 04:43:17,322 [INFO] time_checker answers saved.
2024-03-16 04:43:17,425 [INFO] rule_checker results saved.
2024-03-16 04:43:17,644 [INFO] rule_checker answers saved.
2024-03-16 04:43:17,693 [INFO] aggregation_checker results saved.
2024-03-16 04:43:17,791 [INFO] aggregation_checker answers saved.
2024-03-16 04:43:19,040 [INFO] A action answers saved.
2024-03-16 04:43:19,048 [INFO] Time elapsed: 9:38:11
2024-03-16 04:43:19,048 [INFO] Round 61
2024-03-16 05:00:28,364 [INFO] Round 62
2024-03-16 05:17:36,156 [INFO] Round 63
2024-03-16 05:35:50,833 [INFO] Round 64
2024-03-16 05:54:00,553 [INFO] Round 65
2024-03-16 06:12:07,799 [INFO] Round 66
2024-03-16 06:28:19,462 [INFO] Round 67
2024-03-16 06:45:41,663 [INFO] Round 68
2024-03-16 07:03:15,955 [INFO] Round 69
2024-03-16 07:20:36,729 [INFO] Round 70
2024-03-16 07:35:55,944 [INFO] time_checker results saved.
2024-03-16 07:35:56,650 [INFO] time_checker answers saved.
2024-03-16 07:35:56,797 [INFO] rule_checker results saved.
2024-03-16 07:35:57,103 [INFO] rule_checker answers saved.
2024-03-16 07:35:57,146 [INFO] aggregation_checker results saved.
2024-03-16 07:35:57,242 [INFO] aggregation_checker answers saved.
2024-03-16 07:35:58,460 [INFO] A action answers saved.
2024-03-16 07:35:58,472 [INFO] Time elapsed: 12:30:50
2024-03-16 07:35:58,472 [INFO] Round 71
2024-03-16 07:52:34,962 [INFO] Round 72
2024-03-16 08:08:41,537 [INFO] Round 73
2024-03-16 08:25:27,530 [INFO] Round 74
2024-03-16 08:42:07,437 [INFO] Round 75
2024-03-16 08:59:58,331 [INFO] Round 76
2024-03-16 09:15:59,928 [INFO] Round 77
2024-03-16 09:32:07,233 [INFO] Round 78
2024-03-16 09:48:34,259 [INFO] Round 79
2024-03-16 10:05:05,697 [INFO] Round 80
2024-03-16 10:22:13,622 [INFO] time_checker results saved.
2024-03-16 10:22:14,514 [INFO] time_checker answers saved.
2024-03-16 10:22:14,776 [INFO] rule_checker results saved.
2024-03-16 10:22:15,016 [INFO] rule_checker answers saved.
2024-03-16 10:22:15,092 [INFO] aggregation_checker results saved.
2024-03-16 10:22:15,174 [INFO] aggregation_checker answers saved.
2024-03-16 10:22:16,552 [INFO] A action answers saved.
2024-03-16 10:22:16,562 [INFO] Time elapsed: 15:17:08
2024-03-16 10:22:16,562 [INFO] Round 81
2024-03-16 10:40:08,274 [INFO] Round 82
2024-03-16 10:57:47,393 [INFO] Round 83
2024-03-16 11:16:08,048 [INFO] Round 84
2024-03-16 11:33:42,969 [INFO] Round 85
2024-03-16 11:51:21,363 [INFO] Round 86
2024-03-16 12:09:24,041 [INFO] Round 87
2024-03-16 12:29:08,311 [INFO] Round 88
2024-03-16 12:50:24,980 [INFO] Round 89
2024-03-16 13:12:19,953 [INFO] Round 90
2024-03-16 13:34:38,270 [INFO] time_checker results saved.
2024-03-16 13:34:39,491 [INFO] time_checker answers saved.
2024-03-16 13:34:39,810 [INFO] rule_checker results saved.
2024-03-16 13:34:40,083 [INFO] rule_checker answers saved.
2024-03-16 13:34:40,136 [INFO] aggregation_checker results saved.
2024-03-16 13:34:40,247 [INFO] aggregation_checker answers saved.
2024-03-16 13:34:41,467 [INFO] A action answers saved.
2024-03-16 13:34:41,475 [INFO] Time elapsed: 18:29:33
2024-03-16 13:34:41,475 [INFO] Round 91
2024-03-16 13:58:15,751 [INFO] Round 92
2024-03-16 14:21:15,828 [INFO] Round 93
2024-03-16 14:45:01,888 [INFO] Round 94
2024-03-16 15:07:21,171 [INFO] Round 95
2024-03-16 15:29:21,057 [INFO] Round 96
2024-03-16 15:50:34,513 [INFO] Round 97
2024-03-16 16:13:06,642 [INFO] Round 98
2024-03-16 16:34:36,709 [INFO] Round 99
2024-03-16 16:57:10,857 [INFO] Round 100
2024-03-16 17:19:51,060 [INFO] History saved.
2024-03-16 17:19:51,121 [INFO] time_checker results saved.
2024-03-16 17:19:52,751 [INFO] time_checker answers saved.
2024-03-16 17:19:53,038 [INFO] rule_checker results saved.
2024-03-16 17:19:53,303 [INFO] rule_checker answers saved.
2024-03-16 17:19:53,356 [INFO] aggregation_checker results saved.
2024-03-16 17:19:53,460 [INFO] aggregation_checker answers saved.
2024-03-16 17:19:54,720 [INFO] A action answers saved.
2024-03-16 17:19:54,733 [INFO] Time elapsed: 22:14:47
