2024-04-03 09:47:52,175 [INFO] Note: NumExpr detected 32 cores but "NUMEXPR_MAX_THREADS" not set, so enforcing safe limit of 8.
2024-04-03 09:47:52,175 [INFO] NumExpr defaulting to 8 threads.
2024-04-03 09:47:53,326 [INFO] Running prompt version 0.0
2024-04-03 09:47:53,626 [INFO] Starting time: 2024-04-03 09:47:50
2024-04-03 09:47:54,555 [INFO] Round 1
2024-04-03 09:50:18,550 [INFO] Round 2
2024-04-03 09:53:21,235 [INFO] Round 3
2024-04-03 09:56:59,879 [INFO] Round 4
2024-04-03 10:01:55,195 [INFO] Round 5
2024-04-03 10:08:33,463 [INFO] Round 6
2024-04-03 10:15:35,810 [INFO] Round 7
2024-04-03 10:20:33,071 [INFO] Round 8
2024-04-03 10:25:19,329 [INFO] Round 9
2024-04-03 10:31:01,966 [INFO] Round 10
2024-04-03 10:36:37,442 [INFO] time_checker results saved.
2024-04-03 10:36:37,653 [INFO] time_checker answers saved.
2024-04-03 10:36:37,775 [INFO] rules_checker results saved.
2024-04-03 10:36:37,879 [INFO] rules_checker answers saved.
2024-04-03 10:36:38,259 [INFO] aggregates_checker results saved.
2024-04-03 10:36:38,382 [INFO] aggregates_checker answers saved.
2024-04-03 10:36:40,616 [INFO] you action answers saved.
2024-04-03 10:36:40,718 [INFO] Time elapsed: 0:48:50
2024-04-03 10:36:40,718 [INFO] Round 11
2024-04-03 10:42:48,875 [INFO] Round 12
2024-04-03 10:48:34,392 [INFO] Round 13
2024-04-03 10:55:14,780 [INFO] Round 14
2024-04-03 11:01:35,492 [INFO] Round 15
2024-04-03 11:13:41,308 [INFO] Round 16
2024-04-03 11:20:51,021 [INFO] Round 17
2024-04-03 11:27:11,178 [INFO] Round 18
2024-04-03 11:34:33,919 [INFO] Round 19
2024-04-03 11:41:33,725 [INFO] Round 20
2024-04-03 11:49:27,476 [INFO] time_checker results saved.
2024-04-03 11:49:27,682 [INFO] time_checker answers saved.
2024-04-03 11:49:27,761 [INFO] rules_checker results saved.
2024-04-03 11:49:27,909 [INFO] rules_checker answers saved.
2024-04-03 11:49:28,023 [INFO] aggregates_checker results saved.
2024-04-03 11:49:28,238 [INFO] aggregates_checker answers saved.
2024-04-03 11:49:29,693 [INFO] you action answers saved.
2024-04-03 11:49:29,746 [INFO] Time elapsed: 2:01:39
2024-04-03 11:49:29,746 [INFO] Round 21
2024-04-03 11:56:53,237 [INFO] Round 22
2024-04-03 12:06:37,939 [INFO] Round 23
2024-04-03 12:17:56,448 [INFO] Round 24
2024-04-03 12:25:16,772 [INFO] Round 25
2024-04-03 12:33:31,090 [INFO] Round 26
2024-04-03 12:41:33,641 [INFO] Round 27
2024-04-03 12:50:08,842 [INFO] Round 28
2024-04-03 12:59:29,220 [INFO] Round 29
2024-04-03 13:15:40,341 [INFO] Round 30
2024-04-03 13:27:03,142 [INFO] time_checker results saved.
2024-04-03 13:27:03,343 [INFO] time_checker answers saved.
2024-04-03 13:27:03,515 [INFO] rules_checker results saved.
2024-04-03 13:27:03,688 [INFO] rules_checker answers saved.
2024-04-03 13:27:03,843 [INFO] aggregates_checker results saved.
2024-04-03 13:27:03,993 [INFO] aggregates_checker answers saved.
2024-04-03 13:27:05,279 [INFO] you action answers saved.
2024-04-03 13:27:05,365 [INFO] Time elapsed: 3:39:15
2024-04-03 13:27:05,365 [INFO] Round 31
2024-04-03 13:37:43,469 [INFO] Round 32
2024-04-03 13:48:38,834 [INFO] Round 33
2024-04-03 13:59:09,308 [INFO] Round 34
2024-04-03 14:15:49,291 [INFO] Round 35
2024-04-03 14:28:39,461 [INFO] Round 36
2024-04-03 14:42:00,610 [INFO] Round 37
2024-04-03 14:55:51,612 [INFO] Round 38
2024-04-03 15:12:39,876 [INFO] Round 39
2024-04-03 15:25:46,624 [INFO] Round 40
2024-04-03 15:39:46,374 [INFO] time_checker results saved.
2024-04-03 15:39:46,679 [INFO] time_checker answers saved.
2024-04-03 15:39:46,826 [INFO] rules_checker results saved.
2024-04-03 15:39:46,966 [INFO] rules_checker answers saved.
2024-04-03 15:39:47,031 [INFO] aggregates_checker results saved.
2024-04-03 15:39:47,454 [INFO] aggregates_checker answers saved.
2024-04-03 15:39:48,845 [INFO] you action answers saved.
2024-04-03 15:39:48,885 [INFO] Time elapsed: 5:51:58
2024-04-03 15:39:48,885 [INFO] Round 41
2024-04-03 15:54:35,435 [INFO] Round 42
2024-04-03 16:12:38,504 [INFO] Round 43
2024-04-03 16:27:35,849 [INFO] Round 44
2024-04-03 16:44:24,393 [INFO] Round 45
2024-04-03 17:00:15,699 [INFO] Round 46
2024-04-03 17:22:25,600 [INFO] Round 47
2024-04-03 17:39:06,664 [INFO] Round 48
2024-04-03 17:54:21,666 [INFO] Round 49
2024-04-03 18:15:07,852 [INFO] Round 50
2024-04-03 18:31:02,641 [INFO] time_checker results saved.
2024-04-03 18:31:03,057 [INFO] time_checker answers saved.
2024-04-03 18:31:03,241 [INFO] rules_checker results saved.
2024-04-03 18:31:03,442 [INFO] rules_checker answers saved.
2024-04-03 18:31:03,527 [INFO] aggregates_checker results saved.
2024-04-03 18:31:03,660 [INFO] aggregates_checker answers saved.
2024-04-03 18:31:05,238 [INFO] you action answers saved.
2024-04-03 18:31:05,272 [INFO] Time elapsed: 8:43:15
2024-04-03 18:31:05,273 [INFO] Round 51
2024-04-03 18:45:16,173 [INFO] Round 52
2024-04-03 19:02:00,292 [INFO] Round 53
2024-04-03 19:24:10,745 [INFO] Round 54
2024-04-03 19:45:01,518 [INFO] Round 55
2024-04-03 20:02:55,572 [INFO] Round 56
2024-04-03 20:25:22,973 [INFO] Round 57
2024-04-03 20:43:18,599 [INFO] Round 58
2024-04-03 21:00:33,769 [INFO] Round 59
2024-04-03 21:26:32,268 [INFO] Round 60
2024-04-03 21:45:10,194 [INFO] time_checker results saved.
2024-04-03 21:45:10,743 [INFO] time_checker answers saved.
2024-04-03 21:45:10,941 [INFO] rules_checker results saved.
2024-04-03 21:45:11,164 [INFO] rules_checker answers saved.
2024-04-03 21:45:11,290 [INFO] aggregates_checker results saved.
2024-04-03 21:45:11,507 [INFO] aggregates_checker answers saved.
2024-04-03 21:45:12,991 [INFO] you action answers saved.
2024-04-03 21:45:13,047 [INFO] Time elapsed: 11:57:23
2024-04-03 21:45:13,047 [INFO] Round 61
2024-04-03 22:03:40,483 [INFO] Round 62
2024-04-03 22:28:39,011 [INFO] Round 63
2024-04-03 22:49:16,409 [INFO] Round 64
2024-04-03 23:10:22,400 [INFO] Round 65
2024-04-03 23:32:38,197 [INFO] Round 66
2024-04-03 23:54:06,307 [INFO] Round 67
2024-04-04 00:16:32,716 [INFO] Round 68
2024-04-04 00:39:30,384 [INFO] Round 69
2024-04-04 01:00:15,958 [INFO] Round 70
2024-04-04 01:24:19,911 [INFO] time_checker results saved.
2024-04-04 01:24:20,633 [INFO] time_checker answers saved.
2024-04-04 01:24:21,148 [INFO] rules_checker results saved.
2024-04-04 01:24:21,374 [INFO] rules_checker answers saved.
2024-04-04 01:24:21,506 [INFO] aggregates_checker results saved.
2024-04-04 01:24:21,656 [INFO] aggregates_checker answers saved.
2024-04-04 01:24:23,051 [INFO] you action answers saved.
2024-04-04 01:24:23,109 [INFO] Time elapsed: 15:36:33
2024-04-04 01:24:23,110 [INFO] Round 71
2024-04-04 01:47:34,977 [INFO] Round 72
2024-04-04 02:07:20,838 [INFO] Round 73
2024-04-04 02:28:03,044 [INFO] Round 74
2024-04-04 02:52:22,013 [INFO] Round 75
2024-04-04 03:15:20,630 [INFO] Round 76
2024-04-04 03:38:06,979 [INFO] Round 77
2024-04-04 04:01:42,635 [INFO] Round 78
2024-04-04 04:24:44,566 [INFO] Round 79
2024-04-04 04:48:02,186 [INFO] Round 80
2024-04-04 05:13:48,701 [INFO] time_checker results saved.
2024-04-04 05:13:49,605 [INFO] time_checker answers saved.
2024-04-04 05:13:49,855 [INFO] rules_checker results saved.
2024-04-04 05:13:50,118 [INFO] rules_checker answers saved.
2024-04-04 05:13:50,301 [INFO] aggregates_checker results saved.
2024-04-04 05:13:50,482 [INFO] aggregates_checker answers saved.
2024-04-04 05:13:52,058 [INFO] you action answers saved.
2024-04-04 05:13:52,126 [INFO] Time elapsed: 19:26:02
2024-04-04 05:13:52,126 [INFO] Round 81
2024-04-04 05:38:30,470 [INFO] Round 82
2024-04-04 06:03:39,635 [INFO] Round 83
2024-04-04 06:27:30,117 [INFO] Round 84
2024-04-04 06:51:01,500 [INFO] Round 85
2024-04-04 07:14:06,541 [INFO] Round 86
2024-04-04 07:38:17,818 [INFO] Round 87
2024-04-04 08:03:51,844 [INFO] Round 88
2024-04-04 08:28:11,550 [INFO] Round 89
2024-04-04 08:48:40,092 [INFO] Round 90
2024-04-04 09:08:50,841 [INFO] time_checker results saved.
2024-04-04 09:08:51,882 [INFO] time_checker answers saved.
2024-04-04 09:08:52,136 [INFO] rules_checker results saved.
2024-04-04 09:08:52,409 [INFO] rules_checker answers saved.
2024-04-04 09:08:53,200 [INFO] aggregates_checker results saved.
2024-04-04 09:08:53,359 [INFO] aggregates_checker answers saved.
2024-04-04 09:08:54,952 [INFO] you action answers saved.
2024-04-04 09:08:55,006 [INFO] Time elapsed: 23:21:05
2024-04-04 09:08:55,006 [INFO] Round 91
2024-04-04 09:29:49,476 [INFO] Round 92
2024-04-04 09:51:23,078 [INFO] Round 93
2024-04-04 10:13:17,478 [INFO] Round 94
2024-04-04 10:35:21,356 [INFO] Round 95
2024-04-04 10:56:23,358 [INFO] Round 96
2024-04-04 11:19:43,544 [INFO] Round 97
2024-04-04 11:42:54,766 [INFO] Round 98
2024-04-04 12:16:09,881 [INFO] Round 99
2024-04-04 12:46:41,663 [INFO] Round 100
2024-04-04 13:14:29,593 [INFO] time_checker results saved.
2024-04-04 13:14:31,022 [INFO] time_checker answers saved.
2024-04-04 13:14:31,451 [INFO] rules_checker results saved.
2024-04-04 13:14:31,883 [INFO] rules_checker answers saved.
2024-04-04 13:14:32,078 [INFO] aggregates_checker results saved.
2024-04-04 13:14:32,273 [INFO] aggregates_checker answers saved.
2024-04-04 13:14:34,076 [INFO] History saved.
2024-04-04 13:14:34,174 [INFO] you action answers saved.
2024-04-04 13:14:34,288 [INFO] Time elapsed: 1 day, 3:26:44
