2024-03-11 14:07:02,416 [INFO] Trying natural language AvsB prompt with Zhou et al. (2023) APE zero-shot addition with modification to request the right format.
2024-03-11 14:07:02,417 [INFO] Starting time: 2024-03-11 14:07
2024-03-11 14:07:04,121 [INFO] Round 1
2024-03-11 14:14:18,684 [INFO] Round 2
2024-03-11 14:22:56,633 [INFO] Round 3
2024-03-11 14:30:57,772 [INFO] Round 4
2024-03-11 14:41:05,210 [INFO] Round 5
2024-03-11 14:59:19,234 [INFO] Round 6
2024-03-11 15:11:39,923 [INFO] Round 7
2024-03-11 15:24:28,647 [INFO] Round 8
2024-03-11 15:44:05,432 [INFO] Round 9
2024-03-11 15:59:07,901 [INFO] Round 10
2024-03-11 16:17:09,279 [INFO] time_checker results saved.
2024-03-11 16:17:09,436 [INFO] rule_checker results saved.
2024-03-11 16:17:09,540 [INFO] aggregation_checker results saved.
2024-03-11 16:17:11,239 [INFO] Time elapsed: 2:10:08
2024-03-11 16:17:11,239 [INFO] Round 11
2024-03-11 16:33:25,885 [INFO] Round 12
2024-03-11 16:50:09,801 [INFO] Round 13
2024-03-11 17:08:17,004 [INFO] Round 14
2024-03-11 17:27:01,273 [INFO] Round 15
2024-03-11 17:48:01,990 [INFO] Round 16
2024-03-11 18:09:49,811 [INFO] Round 17
2024-03-11 18:35:20,783 [INFO] Round 18
2024-03-11 19:01:25,650 [INFO] Round 19
2024-03-11 19:26:09,303 [INFO] Round 20
2024-03-11 19:52:56,667 [INFO] time_checker results saved.
2024-03-11 19:52:56,813 [INFO] rule_checker results saved.
2024-03-11 19:52:56,935 [INFO] aggregation_checker results saved.
2024-03-11 19:52:58,256 [INFO] Time elapsed: 5:45:55
2024-03-11 19:52:58,256 [INFO] Round 21
2024-03-11 20:21:38,881 [INFO] Round 22
2024-03-11 20:50:24,276 [INFO] Round 23
2024-03-11 21:21:44,824 [INFO] Round 24
2024-03-11 21:53:19,127 [INFO] Round 25
2024-03-11 22:17:04,286 [INFO] Round 26
2024-03-11 22:46:05,234 [INFO] Round 27
2024-03-11 23:17:23,813 [INFO] Round 28
2024-03-11 23:55:47,033 [INFO] Round 29
2024-03-12 00:37:39,622 [INFO] Round 30
2024-03-12 01:14:04,852 [INFO] time_checker results saved.
2024-03-12 01:14:04,971 [INFO] rule_checker results saved.
2024-03-12 01:14:05,103 [INFO] aggregation_checker results saved.
2024-03-12 01:14:06,259 [INFO] Time elapsed: 11:07:03
2024-03-12 01:14:06,259 [INFO] Round 31
2024-03-12 01:51:38,675 [INFO] Round 32
2024-03-12 02:27:55,929 [INFO] Round 33
2024-03-12 03:07:40,565 [INFO] Round 34
2024-03-12 03:49:38,225 [INFO] Round 35
2024-03-12 04:34:01,761 [INFO] Round 36
2024-03-12 05:14:34,915 [INFO] Round 37
2024-03-12 06:00:28,563 [INFO] Round 38
2024-03-12 06:44:33,698 [INFO] Round 39
2024-03-12 07:29:01,070 [INFO] Round 40
2024-03-12 08:21:11,916 [INFO] time_checker results saved.
2024-03-12 08:21:11,968 [INFO] rule_checker results saved.
2024-03-12 08:21:12,041 [INFO] aggregation_checker results saved.
2024-03-12 08:21:13,286 [INFO] Time elapsed: 18:14:10
2024-03-12 08:21:13,286 [INFO] Round 41
2024-03-12 09:12:58,265 [INFO] Round 42
2024-03-12 09:56:14,947 [INFO] Round 43
2024-03-12 10:42:30,281 [INFO] Round 44
2024-03-12 11:29:54,483 [INFO] Round 45
2024-03-12 12:26:56,092 [INFO] Round 46
2024-03-12 13:19:35,711 [INFO] Round 47
