2024-03-07 18:34:56,666 [INFO] Using JSON format in prompt to summarize game. Need to run less iterations to avoid exceeding the token limit.
2024-03-07 18:34:56,666 [INFO] Starting time: 2024-03-07 18:34
2024-03-07 18:34:58,369 [INFO] Round 1
2024-03-07 18:37:39,000 [INFO] Round 2
2024-03-07 18:40:31,646 [INFO] Round 3
2024-03-07 18:43:14,858 [INFO] Round 4
2024-03-07 18:46:14,663 [INFO] Round 5
2024-03-07 18:49:48,985 [INFO] Round 6
2024-03-07 18:53:29,286 [INFO] Round 7
2024-03-07 18:57:10,834 [INFO] Round 8
2024-03-07 19:01:34,505 [INFO] Round 9
2024-03-07 19:06:39,437 [INFO] Round 10
2024-03-07 19:11:14,141 [INFO] time_checker results saved.
2024-03-07 19:11:14,220 [INFO] rule_checker results saved.
2024-03-07 19:11:14,261 [INFO] aggregation_checker results saved.
2024-03-07 19:11:15,575 [INFO] Time elapsed: 0:36:18
2024-03-07 19:11:15,575 [INFO] Round 11
2024-03-07 19:16:36,008 [INFO] Round 12
2024-03-07 19:22:05,772 [INFO] Round 13
2024-03-07 19:26:39,097 [INFO] Round 14
2024-03-07 19:30:58,900 [INFO] Round 15
2024-03-07 19:35:39,168 [INFO] Round 16
2024-03-07 19:40:01,137 [INFO] Round 17
2024-03-07 19:44:45,273 [INFO] Round 18
2024-03-07 19:49:05,188 [INFO] Round 19
2024-03-07 19:54:41,642 [INFO] Round 20
2024-03-07 20:00:09,146 [INFO] time_checker results saved.
2024-03-07 20:00:09,318 [INFO] rule_checker results saved.
2024-03-07 20:00:09,571 [INFO] aggregation_checker results saved.
2024-03-07 20:00:11,093 [INFO] Time elapsed: 1:25:14
2024-03-07 20:00:11,093 [INFO] Round 21
2024-03-07 20:05:20,953 [INFO] Round 22
2024-03-07 20:10:43,174 [INFO] Round 23
2024-03-07 20:16:09,272 [INFO] Round 24
2024-03-07 20:22:18,515 [INFO] Round 25
2024-03-07 20:28:38,419 [INFO] Round 26
2024-03-07 20:37:21,061 [INFO] Round 27
2024-03-07 20:45:31,813 [INFO] Round 28
2024-03-07 20:52:53,695 [INFO] Round 29
2024-03-07 21:00:56,414 [INFO] Round 30
2024-03-07 21:08:45,768 [INFO] time_checker results saved.
2024-03-07 21:08:45,982 [INFO] rule_checker results saved.
2024-03-07 21:08:46,178 [INFO] aggregation_checker results saved.
2024-03-07 21:08:48,466 [INFO] Time elapsed: 2:33:51
2024-03-07 21:08:48,466 [INFO] Round 31
2024-03-07 21:15:47,112 [INFO] Round 32
2024-03-07 21:23:28,618 [INFO] Round 33
2024-03-07 21:31:06,383 [INFO] Round 34
2024-03-07 21:39:43,235 [INFO] Round 35
2024-03-07 21:48:17,584 [INFO] Round 36
2024-03-07 21:55:43,529 [INFO] Round 37
2024-03-07 22:05:05,439 [INFO] Round 38
2024-03-07 22:14:55,109 [INFO] Round 39
2024-03-07 22:25:07,512 [INFO] Round 40
2024-03-07 22:35:35,777 [INFO] time_checker results saved.
2024-03-07 22:35:35,995 [INFO] rule_checker results saved.
2024-03-07 22:35:36,115 [INFO] aggregation_checker results saved.
2024-03-07 22:35:38,630 [INFO] Time elapsed: 4:00:41
2024-03-07 22:35:38,630 [INFO] Round 41
2024-03-07 22:46:38,908 [INFO] Round 42
2024-03-07 22:58:08,576 [INFO] Round 43
2024-03-07 23:10:14,360 [INFO] Round 44
2024-03-07 23:23:10,296 [INFO] Round 45
2024-03-07 23:35:00,142 [INFO] Round 46
2024-03-07 23:47:48,913 [INFO] Round 47
2024-03-08 00:00:13,775 [INFO] Round 48
2024-03-08 00:12:13,503 [INFO] Round 49
2024-03-08 00:25:01,205 [INFO] Round 50
2024-03-08 00:38:22,365 [INFO] History saved.
2024-03-08 00:38:23,498 [INFO] time_checker results saved.
2024-03-08 00:38:23,977 [INFO] time_checker answers saved.
2024-03-08 00:38:24,117 [INFO] rule_checker results saved.
2024-03-08 00:38:24,344 [INFO] rule_checker answers saved.
2024-03-08 00:38:24,546 [INFO] aggregation_checker results saved.
2024-03-08 00:38:24,611 [INFO] aggregation_checker answers saved.
2024-03-08 00:38:25,887 [INFO] Time elapsed: 6:03:29
