2024-04-29 10:24:43,124 [INFO] Note: NumExpr detected 12 cores but "NUMEXPR_MAX_THREADS" not set, so enforcing safe limit of 8.
2024-04-29 10:24:43,124 [INFO] NumExpr defaulting to 8 threads.
2024-04-29 10:24:43,932 [INFO] Run UnfairRND against both RND and itself, and compute the behavioral profile in both cases.The behavioral features composing the behavioral profile are the following: dict_keys(['niceness', 'forgiveness1', 'forgiveness2', 'provocability', 'cooperativeness', 'emulation', 'troublemaking', 'naivety', 'consistency']).
2024-04-29 10:24:43,932 [INFO] Starting time: 2024-04-29 10:24:42
2024-04-29 10:24:43,934 [INFO] Strategy: unfair_random
2024-04-29 10:24:43,934 [INFO] Opponent: RND
2024-04-29 10:24:44,550 [INFO] Game 100
2024-04-29 10:24:44,557 [INFO] Time elapsed: 0:00:02
2024-04-29 10:24:45,199 [INFO] Game 200
2024-04-29 10:24:45,205 [INFO] Time elapsed: 0:00:03
2024-04-29 10:24:45,842 [INFO] Game 300
2024-04-29 10:24:45,848 [INFO] Time elapsed: 0:00:03
2024-04-29 10:24:46,465 [INFO] Game 400
2024-04-29 10:24:46,471 [INFO] Time elapsed: 0:00:04
2024-04-29 10:24:47,118 [INFO] Game 500
2024-04-29 10:24:47,125 [INFO] Time elapsed: 0:00:05
2024-04-29 10:24:47,795 [INFO] Game 600
2024-04-29 10:24:47,801 [INFO] Time elapsed: 0:00:05
2024-04-29 10:24:48,445 [INFO] Game 700
2024-04-29 10:24:48,451 [INFO] Time elapsed: 0:00:06
2024-04-29 10:24:49,093 [INFO] Game 800
2024-04-29 10:24:49,099 [INFO] Time elapsed: 0:00:07
2024-04-29 10:24:49,752 [INFO] Game 900
2024-04-29 10:24:49,759 [INFO] Time elapsed: 0:00:07
2024-04-29 10:24:50,393 [INFO] Game 1000
2024-04-29 10:24:50,400 [INFO] Time elapsed: 0:00:08
2024-04-29 10:24:51,595 [INFO] Opponent: self
2024-04-29 10:24:52,228 [INFO] Game 100
2024-04-29 10:24:52,234 [INFO] Time elapsed: 0:00:10
2024-04-29 10:24:52,886 [INFO] Game 200
2024-04-29 10:24:52,892 [INFO] Time elapsed: 0:00:10
2024-04-29 10:24:53,495 [INFO] Game 300
2024-04-29 10:24:53,501 [INFO] Time elapsed: 0:00:11
2024-04-29 10:24:54,109 [INFO] Game 400
2024-04-29 10:24:54,115 [INFO] Time elapsed: 0:00:12
2024-04-29 10:24:54,734 [INFO] Game 500
2024-04-29 10:24:54,739 [INFO] Time elapsed: 0:00:12
2024-04-29 10:24:55,380 [INFO] Game 600
2024-04-29 10:24:55,387 [INFO] Time elapsed: 0:00:13
2024-04-29 10:24:56,050 [INFO] Game 700
2024-04-29 10:24:56,056 [INFO] Time elapsed: 0:00:14
2024-04-29 10:24:56,722 [INFO] Game 800
2024-04-29 10:24:56,732 [INFO] Time elapsed: 0:00:14
2024-04-29 10:24:57,409 [INFO] Game 900
2024-04-29 10:24:57,415 [INFO] Time elapsed: 0:00:15
2024-04-29 10:24:58,085 [INFO] Game 1000
2024-04-29 10:24:58,094 [INFO] Time elapsed: 0:00:16
2024-04-29 10:24:59,395 [INFO] Opponent: RND
2024-04-29 10:25:00,079 [INFO] Game 100
2024-04-29 10:25:00,085 [INFO] Time elapsed: 0:00:18
2024-04-29 10:25:00,706 [INFO] Game 200
2024-04-29 10:25:00,712 [INFO] Time elapsed: 0:00:18
2024-04-29 10:25:01,355 [INFO] Game 300
2024-04-29 10:25:01,362 [INFO] Time elapsed: 0:00:19
2024-04-29 10:25:02,095 [INFO] Game 400
2024-04-29 10:25:02,102 [INFO] Time elapsed: 0:00:20
2024-04-29 10:25:02,754 [INFO] Game 500
2024-04-29 10:25:02,760 [INFO] Time elapsed: 0:00:20
2024-04-29 10:25:03,423 [INFO] Game 600
2024-04-29 10:25:03,430 [INFO] Time elapsed: 0:00:21
2024-04-29 10:25:04,076 [INFO] Game 700
2024-04-29 10:25:04,082 [INFO] Time elapsed: 0:00:22
2024-04-29 10:25:04,709 [INFO] Game 800
2024-04-29 10:25:04,716 [INFO] Time elapsed: 0:00:22
2024-04-29 10:25:05,369 [INFO] Game 900
2024-04-29 10:25:05,375 [INFO] Time elapsed: 0:00:23
2024-04-29 10:25:06,011 [INFO] Game 1000
2024-04-29 10:25:06,018 [INFO] Time elapsed: 0:00:24
2024-04-29 10:25:07,256 [INFO] Opponent: self
2024-04-29 10:25:07,872 [INFO] Game 100
2024-04-29 10:25:07,878 [INFO] Time elapsed: 0:00:25
2024-04-29 10:25:08,500 [INFO] Game 200
2024-04-29 10:25:08,506 [INFO] Time elapsed: 0:00:26
2024-04-29 10:25:09,194 [INFO] Game 300
2024-04-29 10:25:09,200 [INFO] Time elapsed: 0:00:27
2024-04-29 10:25:09,846 [INFO] Game 400
2024-04-29 10:25:09,854 [INFO] Time elapsed: 0:00:27
2024-04-29 10:25:10,495 [INFO] Game 500
2024-04-29 10:25:10,502 [INFO] Time elapsed: 0:00:28
2024-04-29 10:25:11,125 [INFO] Game 600
2024-04-29 10:25:11,131 [INFO] Time elapsed: 0:00:29
2024-04-29 10:25:11,750 [INFO] Game 700
2024-04-29 10:25:11,756 [INFO] Time elapsed: 0:00:29
2024-04-29 10:25:12,409 [INFO] Game 800
2024-04-29 10:25:12,416 [INFO] Time elapsed: 0:00:30
2024-04-29 10:25:13,020 [INFO] Game 900
2024-04-29 10:25:13,026 [INFO] Time elapsed: 0:00:31
2024-04-29 10:25:13,671 [INFO] Game 1000
2024-04-29 10:25:13,678 [INFO] Time elapsed: 0:00:31
2024-04-29 10:25:14,865 [INFO] Opponent: RND
2024-04-29 10:25:15,523 [INFO] Game 100
2024-04-29 10:25:15,529 [INFO] Time elapsed: 0:00:33
2024-04-29 10:25:16,168 [INFO] Game 200
2024-04-29 10:25:16,175 [INFO] Time elapsed: 0:00:34
2024-04-29 10:25:16,828 [INFO] Game 300
2024-04-29 10:25:16,836 [INFO] Time elapsed: 0:00:34
2024-04-29 10:25:17,461 [INFO] Game 400
2024-04-29 10:25:17,467 [INFO] Time elapsed: 0:00:35
2024-04-29 10:25:18,068 [INFO] Game 500
2024-04-29 10:25:18,074 [INFO] Time elapsed: 0:00:36
2024-04-29 10:25:18,712 [INFO] Game 600
2024-04-29 10:25:18,718 [INFO] Time elapsed: 0:00:36
2024-04-29 10:25:19,338 [INFO] Game 700
2024-04-29 10:25:19,345 [INFO] Time elapsed: 0:00:37
2024-04-29 10:25:19,962 [INFO] Game 800
2024-04-29 10:25:19,968 [INFO] Time elapsed: 0:00:37
2024-04-29 10:25:20,584 [INFO] Game 900
2024-04-29 10:25:20,592 [INFO] Time elapsed: 0:00:38
2024-04-29 10:25:21,192 [INFO] Game 1000
2024-04-29 10:25:21,198 [INFO] Time elapsed: 0:00:39
2024-04-29 10:25:22,307 [INFO] Opponent: self
2024-04-29 10:25:22,929 [INFO] Game 100
2024-04-29 10:25:22,935 [INFO] Time elapsed: 0:00:40
2024-04-29 10:25:23,560 [INFO] Game 200
2024-04-29 10:25:23,568 [INFO] Time elapsed: 0:00:41
2024-04-29 10:25:24,194 [INFO] Game 300
2024-04-29 10:25:24,200 [INFO] Time elapsed: 0:00:42
2024-04-29 10:25:24,821 [INFO] Game 400
2024-04-29 10:25:24,828 [INFO] Time elapsed: 0:00:42
2024-04-29 10:25:25,442 [INFO] Game 500
2024-04-29 10:25:25,449 [INFO] Time elapsed: 0:00:43
2024-04-29 10:25:26,064 [INFO] Game 600
2024-04-29 10:25:26,070 [INFO] Time elapsed: 0:00:44
2024-04-29 10:25:26,676 [INFO] Game 700
2024-04-29 10:25:26,683 [INFO] Time elapsed: 0:00:44
2024-04-29 10:25:27,282 [INFO] Game 800
2024-04-29 10:25:27,288 [INFO] Time elapsed: 0:00:45
2024-04-29 10:25:27,897 [INFO] Game 900
2024-04-29 10:25:27,903 [INFO] Time elapsed: 0:00:45
2024-04-29 10:25:28,517 [INFO] Game 1000
2024-04-29 10:25:28,523 [INFO] Time elapsed: 0:00:46
2024-04-29 10:25:29,663 [INFO] Opponent: RND
2024-04-29 10:25:30,312 [INFO] Game 100
2024-04-29 10:25:30,318 [INFO] Time elapsed: 0:00:48
2024-04-29 10:25:30,969 [INFO] Game 200
2024-04-29 10:25:30,975 [INFO] Time elapsed: 0:00:48
2024-04-29 10:25:31,630 [INFO] Game 300
2024-04-29 10:25:31,637 [INFO] Time elapsed: 0:00:49
2024-04-29 10:25:32,329 [INFO] Game 400
2024-04-29 10:25:32,335 [INFO] Time elapsed: 0:00:50
2024-04-29 10:25:32,977 [INFO] Game 500
2024-04-29 10:25:32,983 [INFO] Time elapsed: 0:00:50
2024-04-29 10:25:33,585 [INFO] Game 600
2024-04-29 10:25:33,591 [INFO] Time elapsed: 0:00:51
2024-04-29 10:25:34,209 [INFO] Game 700
2024-04-29 10:25:34,214 [INFO] Time elapsed: 0:00:52
2024-04-29 10:25:34,863 [INFO] Game 800
2024-04-29 10:25:34,869 [INFO] Time elapsed: 0:00:52
2024-04-29 10:25:35,494 [INFO] Game 900
2024-04-29 10:25:35,501 [INFO] Time elapsed: 0:00:53
2024-04-29 10:25:36,156 [INFO] Game 1000
2024-04-29 10:25:36,162 [INFO] Time elapsed: 0:00:54
2024-04-29 10:25:37,289 [INFO] Opponent: self
2024-04-29 10:25:37,913 [INFO] Game 100
2024-04-29 10:25:37,921 [INFO] Time elapsed: 0:00:55
2024-04-29 10:25:38,519 [INFO] Game 200
2024-04-29 10:25:38,525 [INFO] Time elapsed: 0:00:56
2024-04-29 10:25:39,139 [INFO] Game 300
2024-04-29 10:25:39,145 [INFO] Time elapsed: 0:00:57
2024-04-29 10:25:39,736 [INFO] Game 400
2024-04-29 10:25:39,742 [INFO] Time elapsed: 0:00:57
2024-04-29 10:25:40,367 [INFO] Game 500
2024-04-29 10:25:40,374 [INFO] Time elapsed: 0:00:58
2024-04-29 10:25:41,000 [INFO] Game 600
2024-04-29 10:25:41,005 [INFO] Time elapsed: 0:00:59
2024-04-29 10:25:41,616 [INFO] Game 700
2024-04-29 10:25:41,622 [INFO] Time elapsed: 0:00:59
2024-04-29 10:25:42,239 [INFO] Game 800
2024-04-29 10:25:42,245 [INFO] Time elapsed: 0:01:00
2024-04-29 10:25:42,839 [INFO] Game 900
2024-04-29 10:25:42,845 [INFO] Time elapsed: 0:01:00
2024-04-29 10:25:43,451 [INFO] Game 1000
2024-04-29 10:25:43,458 [INFO] Time elapsed: 0:01:01
