2024-03-12 15:12:18,785 [INFO] Check only some rule-related questions to compare how different formulation of the same conceptual question can impact the accuracy. Use prompt v0.6.
2024-03-12 15:12:18,785 [INFO] Starting time: 2024-03-12 15:12
2024-03-12 15:12:21,517 [INFO] Round 1
2024-03-12 15:24:25,267 [INFO] Round 2
2024-03-12 15:33:06,123 [INFO] Round 3
2024-03-12 15:39:04,478 [INFO] Round 4
2024-03-12 15:51:02,359 [INFO] Round 5
2024-03-12 15:57:48,314 [INFO] Round 6
2024-03-12 16:05:23,324 [INFO] Round 7
2024-03-12 16:13:53,737 [INFO] Round 8
2024-03-12 16:23:24,891 [INFO] Round 9
2024-03-12 16:29:32,762 [INFO] Round 10
2024-03-12 16:35:41,225 [INFO] rule_checker results saved.
2024-03-12 16:35:41,404 [INFO] rule_checker answers saved.
2024-03-12 16:35:42,367 [INFO] Time elapsed: 1:23:23
2024-03-12 16:35:42,367 [INFO] Round 11
2024-03-12 16:42:19,403 [INFO] Round 12
2024-03-12 16:48:47,369 [INFO] Round 13
2024-03-12 16:56:21,231 [INFO] Round 14
2024-03-12 17:04:39,168 [INFO] Round 15
2024-03-12 17:14:35,405 [INFO] Round 16
2024-03-12 17:21:15,410 [INFO] Round 17
2024-03-12 17:29:01,318 [INFO] Round 18
2024-03-12 17:36:30,266 [INFO] Round 19
2024-03-12 17:44:04,128 [INFO] Round 20
2024-03-12 17:56:37,449 [INFO] rule_checker results saved.
2024-03-12 17:56:37,605 [INFO] rule_checker answers saved.
2024-03-12 17:56:38,400 [INFO] Time elapsed: 2:44:19
2024-03-12 17:56:38,400 [INFO] Round 21
2024-03-12 18:03:43,979 [INFO] Round 22
2024-03-12 18:14:47,319 [INFO] Round 23
2024-03-12 18:23:00,966 [INFO] Round 24
2024-03-12 18:30:45,965 [INFO] Round 25
2024-03-12 18:38:28,325 [INFO] Round 26
2024-03-12 18:44:42,500 [INFO] Round 27
2024-03-12 18:51:32,858 [INFO] Round 28
2024-03-12 18:57:58,492 [INFO] Round 29
2024-03-12 19:05:40,223 [INFO] Round 30
2024-03-12 19:13:57,576 [INFO] rule_checker results saved.
2024-03-12 19:13:57,643 [INFO] rule_checker answers saved.
2024-03-12 19:13:58,198 [INFO] Time elapsed: 4:01:39
2024-03-12 19:13:58,198 [INFO] Round 31
2024-03-12 19:21:47,882 [INFO] Round 32
2024-03-12 19:28:51,727 [INFO] Round 33
2024-03-12 19:35:14,124 [INFO] Round 34
2024-03-12 19:42:01,655 [INFO] Round 35
2024-03-12 19:48:31,225 [INFO] Round 36
2024-03-12 19:55:32,925 [INFO] Round 37
2024-03-12 20:03:12,546 [INFO] Round 38
2024-03-12 20:12:36,375 [INFO] Round 39
2024-03-12 20:21:21,722 [INFO] Round 40
2024-03-12 20:27:57,494 [INFO] rule_checker results saved.
2024-03-12 20:27:57,580 [INFO] rule_checker answers saved.
2024-03-12 20:27:58,246 [INFO] Time elapsed: 5:15:39
2024-03-12 20:27:58,246 [INFO] Round 41
2024-03-12 20:34:38,561 [INFO] Round 42
2024-03-12 20:41:42,592 [INFO] Round 43
2024-03-12 20:47:36,249 [INFO] Round 44
2024-03-12 20:54:05,177 [INFO] Round 45
2024-03-12 21:00:33,718 [INFO] Round 46
2024-03-12 21:08:50,351 [INFO] Round 47
2024-03-12 21:17:14,693 [INFO] Round 48
2024-03-12 21:25:11,989 [INFO] Round 49
2024-03-12 21:31:44,970 [INFO] Round 50
2024-03-12 21:38:09,693 [INFO] rule_checker results saved.
2024-03-12 21:38:09,843 [INFO] rule_checker answers saved.
2024-03-12 21:38:10,386 [INFO] Time elapsed: 6:25:51
2024-03-12 21:38:10,386 [INFO] Round 51
2024-03-12 21:44:10,952 [INFO] Round 52
2024-03-12 21:50:09,784 [INFO] Round 53
2024-03-12 21:55:43,918 [INFO] Round 54
2024-03-12 22:00:57,385 [INFO] Round 55
2024-03-12 22:07:45,134 [INFO] Round 56
2024-03-12 22:14:00,173 [INFO] Round 57
2024-03-12 22:20:15,834 [INFO] Round 58
2024-03-12 22:27:08,271 [INFO] Round 59
2024-03-12 22:33:40,023 [INFO] Round 60
2024-03-12 22:39:05,241 [INFO] rule_checker results saved.
2024-03-12 22:39:05,441 [INFO] rule_checker answers saved.
2024-03-12 22:39:06,056 [INFO] Time elapsed: 7:26:47
2024-03-12 22:39:06,056 [INFO] Round 61
2024-03-12 22:45:31,532 [INFO] Round 62
2024-03-12 22:52:06,104 [INFO] Round 63
2024-03-12 22:58:03,417 [INFO] Round 64
2024-03-12 23:04:31,096 [INFO] Round 65
2024-03-12 23:09:32,310 [INFO] Round 66
2024-03-12 23:15:13,976 [INFO] Round 67
2024-03-12 23:21:37,451 [INFO] Round 68
2024-03-12 23:27:28,638 [INFO] Round 69
2024-03-12 23:33:05,389 [INFO] Round 70
2024-03-12 23:38:55,688 [INFO] rule_checker results saved.
2024-03-12 23:38:55,952 [INFO] rule_checker answers saved.
2024-03-12 23:38:57,266 [INFO] Time elapsed: 8:26:38
2024-03-12 23:38:57,267 [INFO] Round 71
2024-03-12 23:43:55,286 [INFO] Round 72
2024-03-12 23:49:01,993 [INFO] Round 73
2024-03-12 23:54:42,699 [INFO] Round 74
2024-03-12 23:59:49,252 [INFO] Round 75
2024-03-13 00:05:35,656 [INFO] Round 76
2024-03-13 00:11:03,328 [INFO] Round 77
2024-03-13 00:16:04,827 [INFO] Round 78
2024-03-13 00:21:01,610 [INFO] Round 79
2024-03-13 00:26:37,450 [INFO] Round 80
2024-03-13 00:32:25,462 [INFO] rule_checker results saved.
2024-03-13 00:32:25,670 [INFO] rule_checker answers saved.
2024-03-13 00:32:26,353 [INFO] Time elapsed: 9:20:07
2024-03-13 00:32:26,353 [INFO] Round 81
2024-03-13 00:38:15,556 [INFO] Round 82
2024-03-13 00:43:19,574 [INFO] Round 83
2024-03-13 00:48:52,737 [INFO] Round 84
2024-03-13 00:54:09,382 [INFO] Round 85
2024-03-13 00:59:11,383 [INFO] Round 86
2024-03-13 01:04:54,982 [INFO] Round 87
2024-03-13 01:10:12,234 [INFO] Round 88
2024-03-13 01:14:47,030 [INFO] Round 89
2024-03-13 01:20:14,196 [INFO] Round 90
2024-03-13 01:25:20,784 [INFO] rule_checker results saved.
2024-03-13 01:25:21,101 [INFO] rule_checker answers saved.
2024-03-13 01:25:21,787 [INFO] Time elapsed: 10:13:03
2024-03-13 01:25:21,787 [INFO] Round 91
2024-03-13 01:30:06,760 [INFO] Round 92
2024-03-13 01:35:01,492 [INFO] Round 93
2024-03-13 01:40:10,968 [INFO] Round 94
2024-03-13 01:44:16,799 [INFO] Round 95
2024-03-13 01:48:55,050 [INFO] Round 96
2024-03-13 01:53:47,909 [INFO] Round 97
2024-03-13 01:58:19,004 [INFO] Round 98
2024-03-13 02:03:10,156 [INFO] Round 99
2024-03-13 02:07:08,906 [INFO] Round 100
2024-03-13 02:10:13,982 [INFO] History saved.
2024-03-13 02:10:14,192 [INFO] rule_checker results saved.
2024-03-13 02:10:14,590 [INFO] rule_checker answers saved.
2024-03-13 02:10:15,301 [INFO] Time elapsed: 10:57:56
